mode: set
smart-router/internal/auth/key.go:12.30,14.40 2 1
smart-router/internal/auth/key.go:14.40,16.59 1 0
smart-router/internal/auth/key.go:18.2,18.60 1 1
smart-router/internal/auth/key.go:23.45,25.40 2 1
smart-router/internal/auth/key.go:25.40,27.3 1 1
smart-router/internal/auth/key.go:28.2,28.48 1 1
smart-router/internal/auth/ratelimit.go:21.36,27.2 3 1
smart-router/internal/auth/ratelimit.go:31.81,32.36 1 1
smart-router/internal/auth/ratelimit.go:32.36,34.3 1 1
smart-router/internal/auth/ratelimit.go:36.2,39.9 4 1
smart-router/internal/auth/ratelimit.go:39.9,44.3 4 1
smart-router/internal/auth/ratelimit.go:46.2,56.27 7 1
smart-router/internal/auth/ratelimit.go:56.27,57.24 1 1
smart-router/internal/auth/ratelimit.go:57.24,59.4 1 1
smart-router/internal/auth/ratelimit.go:61.2,64.27 3 1
smart-router/internal/auth/ratelimit.go:64.27,65.21 1 1
smart-router/internal/auth/ratelimit.go:65.21,67.4 1 1
smart-router/internal/auth/ratelimit.go:69.2,72.44 2 1
smart-router/internal/auth/ratelimit.go:72.44,74.3 1 1
smart-router/internal/auth/ratelimit.go:75.2,75.44 1 1
smart-router/internal/auth/ratelimit.go:75.44,77.3 1 0
smart-router/internal/auth/ratelimit.go:80.2,82.17 3 1
smart-router/internal/auth/ratelimit.go:86.34,89.21 3 1
smart-router/internal/auth/ratelimit.go:89.21,92.32 3 0
smart-router/internal/auth/ratelimit.go:92.32,95.29 3 0
smart-router/internal/auth/ratelimit.go:95.29,96.20 1 0
smart-router/internal/auth/ratelimit.go:96.20,98.6 1 0
smart-router/internal/auth/ratelimit.go:100.4,102.23 3 0
smart-router/internal/auth/ratelimit.go:102.23,104.5 1 0
smart-router/internal/auth/ratelimit.go:105.4,105.17 1 0
smart-router/internal/auth/ratelimit.go:107.3,107.17 1 0
smart-router/internal/crypto/crypto.go:13.60,14.20 1 1
smart-router/internal/crypto/crypto.go:14.20,16.3 1 1
smart-router/internal/crypto/crypto.go:18.2,19.16 2 1
smart-router/internal/crypto/crypto.go:19.16,21.3 1 0
smart-router/internal/crypto/crypto.go:23.2,24.16 2 1
smart-router/internal/crypto/crypto.go:24.16,26.3 1 0
smart-router/internal/crypto/crypto.go:28.2,29.59 2 1
smart-router/internal/crypto/crypto.go:29.59,31.3 1 0
smart-router/internal/crypto/crypto.go:33.2,34.59 2 1
smart-router/internal/crypto/crypto.go:38.64,39.20 1 1
smart-router/internal/crypto/crypto.go:39.20,41.3 1 0
smart-router/internal/crypto/crypto.go:43.2,44.16 2 1
smart-router/internal/crypto/crypto.go:44.16,46.3 1 1
smart-router/internal/crypto/crypto.go:48.2,49.16 2 1
smart-router/internal/crypto/crypto.go:49.16,51.3 1 0
smart-router/internal/crypto/crypto.go:53.2,54.16 2 1
smart-router/internal/crypto/crypto.go:54.16,56.3 1 0
smart-router/internal/crypto/crypto.go:58.2,59.33 2 1
smart-router/internal/crypto/crypto.go:59.33,61.3 1 1
smart-router/internal/crypto/crypto.go:63.2,65.16 3 1
smart-router/internal/crypto/crypto.go:65.16,67.3 1 1
smart-router/internal/crypto/crypto.go:69.2,69.31 1 1
smart-router/internal/config/config.go:14.54,16.16 2 1
smart-router/internal/config/config.go:16.16,18.3 1 1
smart-router/internal/config/config.go:20.2,21.51 2 1
smart-router/internal/config/config.go:21.51,23.3 1 1
smart-router/internal/config/config.go:25.2,25.18 1 1
smart-router/internal/db/db.go:93.37,95.16 2 1
smart-router/internal/db/db.go:95.16,97.3 1 0
smart-router/internal/db/db.go:99.2,99.36 1 1
smart-router/internal/db/db.go:99.36,102.3 2 1
smart-router/internal/db/db.go:104.2,104.65 1 1
smart-router/internal/db/db.go:104.65,107.3 2 0
smart-router/internal/db/db.go:108.2,108.66 1 1
smart-router/internal/db/db.go:108.66,111.3 2 0
smart-router/internal/db/db.go:113.2,118.37 2 1
smart-router/internal/db/db.go:118.37,121.3 2 0
smart-router/internal/db/db.go:123.2,125.16 3 1
smart-router/internal/db/db.go:128.30,129.34 1 1
smart-router/internal/db/db.go:129.34,130.46 1 1
smart-router/internal/db/db.go:130.46,133.62 1 1
smart-router/internal/db/db.go:133.62,134.13 1 1
smart-router/internal/db/db.go:136.4,136.14 1 0
smart-router/internal/db/db.go:139.2,139.12 1 1
smart-router/internal/db/db.go:142.51,144.2 1 1
smart-router/internal/db/db.go:146.64,147.23 1 1
smart-router/internal/db/db.go:147.23,149.3 1 0
smart-router/internal/db/db.go:151.2,152.16 2 1
smart-router/internal/db/db.go:152.16,154.3 1 0
smart-router/internal/db/db.go:155.2,163.16 3 1
smart-router/internal/db/db.go:163.16,165.3 1 0
smart-router/internal/db/db.go:166.2,168.28 2 1
smart-router/internal/db/db.go:168.28,170.20 2 1
smart-router/internal/db/db.go:170.20,172.4 1 1
smart-router/internal/db/db.go:173.3,177.17 1 1
smart-router/internal/db/db.go:177.17,179.4 1 0
smart-router/internal/db/db.go:182.2,182.36 1 1
smart-router/internal/db/db.go:182.36,184.3 1 0
smart-router/internal/db/db.go:185.2,185.12 1 1
smart-router/internal/db/db.go:188.32,190.12 2 1
smart-router/internal/db/db.go:190.12,195.19 4 1
smart-router/internal/db/db.go:195.19,196.23 1 1
smart-router/internal/db/db.go:196.23,198.5 1 1
smart-router/internal/db/db.go:199.4,199.51 1 1
smart-router/internal/db/db.go:199.51,201.5 1 0
smart-router/internal/db/db.go:202.4,202.21 1 1
smart-router/internal/db/db.go:205.2,206.7 1 1
smart-router/internal/db/db.go:206.7,207.12 1 1
smart-router/internal/db/db.go:208.28,211.33 2 1
smart-router/internal/db/db.go:211.33,212.14 1 1
smart-router/internal/db/db.go:213.31,214.33 1 1
smart-router/internal/db/db.go:215.15,217.22 2 1
smart-router/internal/db/db.go:220.6,220.13 1 0
smart-router/internal/db/db.go:221.23,223.9 1 1
smart-router/internal/db/db.go:223.9,224.13 1 1
smart-router/internal/db/db.go:225.29,226.31 1 0
smart-router/internal/db/db.go:227.14,229.13 2 1
smart-router/internal/db/db.go:237.35,239.12 2 1
smart-router/internal/db/db.go:239.12,243.7 4 1
smart-router/internal/db/db.go:243.7,244.11 1 1
smart-router/internal/db/db.go:245.20,248.100 2 0
smart-router/internal/db/db.go:248.100,250.6 1 0
smart-router/internal/db/db.go:251.22,252.11 1 1
smart-router/internal/db/db.go:260.50,261.9 1 1
smart-router/internal/db/db.go:262.23,262.23 0 1
smart-router/internal/db/db.go:263.10,265.41 1 0
smart-router/internal/db/db.go:265.41,267.4 1 0
smart-router/internal/db/db.go:271.85,273.36 2 1
smart-router/internal/db/db.go:273.36,275.3 1 0
smart-router/internal/db/db.go:276.2,282.16 3 1
smart-router/internal/db/db.go:282.16,285.3 2 1
smart-router/internal/db/db.go:286.2,286.20 1 1
smart-router/internal/db/db.go:286.20,289.3 2 1
smart-router/internal/db/db.go:291.2,295.16 4 1
smart-router/internal/db/db.go:295.16,297.3 1 0
smart-router/internal/db/db.go:298.2,301.18 3 1
smart-router/internal/db/db.go:301.18,318.17 4 1
smart-router/internal/db/db.go:318.17,320.4 1 0
smart-router/internal/db/db.go:321.3,322.31 2 1
smart-router/internal/db/db.go:325.2,325.35 1 1
smart-router/internal/db/db.go:325.35,327.3 1 0
smart-router/internal/db/db.go:329.2,329.21 1 1
smart-router/internal/db/db.go:332.67,334.16 2 1
smart-router/internal/db/db.go:334.16,336.3 1 0
smart-router/internal/db/db.go:338.2,344.16 2 1
smart-router/internal/db/db.go:344.16,346.3 1 1
smart-router/internal/db/db.go:347.2,347.12 1 1
smart-router/internal/db/db.go:350.62,353.26 3 1
smart-router/internal/db/db.go:353.26,355.3 1 1
smart-router/internal/db/db.go:356.2,356.16 1 1
smart-router/internal/db/db.go:356.16,358.3 1 0
smart-router/internal/db/db.go:360.2,361.68 2 1
smart-router/internal/db/db.go:361.68,363.3 1 0
smart-router/internal/db/db.go:364.2,364.21 1 1
smart-router/internal/db/db.go:367.63,369.16 2 1
smart-router/internal/db/db.go:369.16,371.3 1 1
smart-router/internal/db/db.go:372.2,375.18 3 1
smart-router/internal/db/db.go:375.18,378.55 3 1
smart-router/internal/db/db.go:378.55,380.4 1 0
smart-router/internal/db/db.go:381.3,382.69 2 1
smart-router/internal/db/db.go:382.69,384.4 1 0
smart-router/internal/db/db.go:385.3,385.23 1 1
smart-router/internal/db/db.go:388.2,388.35 1 1
smart-router/internal/db/db.go:388.35,390.3 1 0
smart-router/internal/db/db.go:392.2,392.19 1 1
smart-router/internal/db/db.go:395.44,397.16 2 1
smart-router/internal/db/db.go:397.16,399.3 1 1
smart-router/internal/db/db.go:400.2,400.12 1 1
smart-router/internal/db/db.go:403.28,407.2 3 1
smart-router/internal/db/db.go:412.27,414.6 2 1
smart-router/internal/db/db.go:414.6,415.10 1 1
smart-router/internal/db/db.go:416.26,417.28 1 1
smart-router/internal/db/db.go:418.11,419.22 1 1
smart-router/internal/db/db.go:419.22,420.52 1 1
smart-router/internal/db/db.go:420.52,422.6 1 0
smart-router/internal/db/db.go:424.4,425.10 2 1
smart-router/internal/db/db.go:437.83,445.16 3 1
smart-router/internal/db/db.go:445.16,447.3 1 0
smart-router/internal/db/db.go:449.2,453.8 1 1
smart-router/internal/db/db.go:457.96,465.16 3 1
smart-router/internal/db/db.go:465.16,467.3 1 0
smart-router/internal/db/db.go:469.2,473.8 1 1
smart-router/internal/db/db.go:477.67,479.2 1 1
smart-router/internal/db/db.go:482.80,484.2 1 1
smart-router/internal/db/db.go:494.55,519.16 9 1
smart-router/internal/db/db.go:519.16,521.3 1 0
smart-router/internal/db/db.go:522.2,523.21 2 1
smart-router/internal/db/db.go:523.21,525.3 1 0
smart-router/internal/db/db.go:526.2,526.20 1 1
smart-router/internal/db/db.go:526.20,528.3 1 1
smart-router/internal/db/db.go:529.2,529.19 1 1
smart-router/internal/db/db.go:529.19,531.3 1 0
smart-router/internal/db/db.go:532.2,532.22 1 1
smart-router/internal/db/db.go:532.22,534.3 1 1
smart-router/internal/db/db.go:535.2,538.15 4 1
smart-router/internal/db/db.go:541.42,544.16 3 1
smart-router/internal/db/db.go:544.16,546.3 1 0
smart-router/internal/db/db.go:547.2,547.19 1 1
smart-router/internal/db/db.go:550.51,555.26 5 1
smart-router/internal/db/db.go:555.26,557.3 1 0
smart-router/internal/db/db.go:558.2,559.24 2 1
smart-router/internal/db/db.go:559.24,561.3 1 1
smart-router/internal/db/db.go:562.2,569.16 2 1
smart-router/internal/db/db.go:569.16,571.3 1 1
smart-router/internal/db/db.go:572.2,572.12 1 1
smart-router/internal/db/db.go:575.59,581.16 2 1
smart-router/internal/db/db.go:581.16,583.3 1 0
smart-router/internal/db/db.go:584.2,585.18 2 1
smart-router/internal/db/db.go:585.18,587.3 1 1
smart-router/internal/db/db.go:588.2,589.16 2 1
smart-router/internal/db/db.go:589.16,591.3 1 0
smart-router/internal/db/db.go:592.2,592.16 1 1
smart-router/internal/db/db.go:595.66,601.16 2 1
smart-router/internal/db/db.go:601.16,603.3 1 0
smart-router/internal/db/db.go:604.2,605.18 2 1
smart-router/internal/db/db.go:605.18,607.3 1 1
smart-router/internal/db/db.go:608.2,609.16 2 1
smart-router/internal/db/db.go:609.16,611.3 1 0
smart-router/internal/db/db.go:612.2,612.16 1 1
smart-router/internal/db/db.go:615.52,621.16 2 1
smart-router/internal/db/db.go:621.16,623.3 1 1
smart-router/internal/db/db.go:624.2,627.18 3 1
smart-router/internal/db/db.go:627.18,629.17 2 1
smart-router/internal/db/db.go:629.17,631.4 1 0
smart-router/internal/db/db.go:632.3,632.31 1 1
smart-router/internal/db/db.go:634.2,634.35 1 1
smart-router/internal/db/db.go:634.35,636.3 1 0
smart-router/internal/db/db.go:637.2,637.21 1 1
smart-router/internal/db/db.go:640.67,645.30 5 1
smart-router/internal/db/db.go:645.30,647.3 1 0
smart-router/internal/db/db.go:648.2,649.28 2 1
smart-router/internal/db/db.go:649.28,651.3 1 0
smart-router/internal/db/db.go:652.2,663.16 2 1
smart-router/internal/db/db.go:663.16,665.3 1 1
smart-router/internal/db/db.go:666.2,666.12 1 1
smart-router/internal/db/db.go:669.45,671.16 2 1
smart-router/internal/db/db.go:671.16,673.3 1 1
smart-router/internal/db/db.go:674.2,674.12 1 1
smart-router/internal/db/db.go:679.62,684.16 2 1
smart-router/internal/db/db.go:684.16,686.3 1 1
smart-router/internal/db/db.go:687.2,688.16 2 1
smart-router/internal/db/db.go:691.61,698.26 4 1
smart-router/internal/db/db.go:698.26,700.3 1 1
smart-router/internal/db/db.go:701.2,701.16 1 1
smart-router/internal/db/db.go:701.16,703.3 1 0
smart-router/internal/db/db.go:704.2,705.16 2 1
smart-router/internal/db/db.go:708.56,713.16 2 1
smart-router/internal/db/db.go:713.16,715.3 1 1
smart-router/internal/db/db.go:716.2,719.18 3 1
smart-router/internal/db/db.go:719.18,722.133 3 1
smart-router/internal/db/db.go:722.133,724.4 1 0
smart-router/internal/db/db.go:725.3,726.31 2 1
smart-router/internal/db/db.go:728.2,728.35 1 1
smart-router/internal/db/db.go:728.35,730.3 1 0
smart-router/internal/db/db.go:731.2,731.21 1 1
smart-router/internal/db/db.go:734.63,740.16 2 1
smart-router/internal/db/db.go:740.16,742.3 1 1
smart-router/internal/db/db.go:743.2,743.12 1 1
smart-router/internal/db/db.go:746.45,748.16 2 1
smart-router/internal/db/db.go:748.16,750.3 1 1
smart-router/internal/db/db.go:751.2,751.12 1 1
smart-router/internal/db/db.go:754.90,764.16 5 1
smart-router/internal/db/db.go:764.16,766.3 1 0
smart-router/internal/db/db.go:767.2,771.8 1 1
smart-router/internal/db/db.go:774.50,777.2 2 1
smart-router/internal/db/db.go:779.68,782.2 2 1
smart-router/internal/db/db.go:784.82,791.16 3 1
smart-router/internal/db/db.go:791.16,793.3 1 0
smart-router/internal/db/db.go:794.2,798.8 1 1
smart-router/internal/db/db.go:801.85,810.16 5 1
smart-router/internal/db/db.go:810.16,812.3 1 0
smart-router/internal/db/db.go:813.2,817.8 1 1
smart-router/internal/db/db.go:820.74,825.16 2 1
smart-router/internal/db/db.go:825.16,827.3 1 1
smart-router/internal/db/db.go:828.2,828.12 1 1
smart-router/internal/db/db.go:831.73,833.15 2 1
smart-router/internal/db/db.go:833.15,835.3 1 1
smart-router/internal/db/db.go:836.2,837.16 2 1
smart-router/internal/db/db.go:837.16,839.3 1 0
smart-router/internal/db/db.go:840.2,843.18 3 1
smart-router/internal/db/db.go:843.18,847.91 4 1
smart-router/internal/db/db.go:847.91,849.4 1 0
smart-router/internal/db/db.go:850.3,857.5 1 1
smart-router/internal/db/db.go:859.2,859.35 1 1
smart-router/internal/db/db.go:859.35,861.3 1 0
smart-router/internal/db/db.go:862.2,862.21 1 1
smart-router/internal/db/db.go:865.83,873.16 2 1
smart-router/internal/db/db.go:873.16,875.3 1 0
smart-router/internal/db/db.go:876.2,876.12 1 1
smart-router/internal/db/db.go:879.70,884.26 3 1
smart-router/internal/db/db.go:884.26,886.3 1 1
smart-router/internal/db/db.go:887.2,887.16 1 1
smart-router/internal/db/db.go:887.16,889.3 1 0
smart-router/internal/db/db.go:890.2,890.37 1 1
smart-router/internal/db/db.go:893.78,901.16 4 1
smart-router/internal/db/db.go:901.16,903.3 1 0
smart-router/internal/db/db.go:904.2,907.18 3 1
smart-router/internal/db/db.go:907.18,910.68 3 1
smart-router/internal/db/db.go:910.68,912.4 1 0
smart-router/internal/db/db.go:913.3,915.55 3 1
smart-router/internal/db/db.go:917.2,917.35 1 1
smart-router/internal/db/db.go:917.35,919.3 1 0
smart-router/internal/db/db.go:920.2,920.23 1 1
smart-router/internal/health/health.go:36.47,39.16 3 1
smart-router/internal/health/health.go:39.16,41.3 1 0
smart-router/internal/health/health.go:43.2,50.15 3 1
smart-router/internal/health/health.go:53.39,58.2 4 1
smart-router/internal/health/health.go:60.34,62.2 1 1
smart-router/internal/health/health.go:64.82,68.8 4 1
smart-router/internal/health/health.go:68.8,70.3 1 1
smart-router/internal/health/health.go:72.2,73.47 2 1
smart-router/internal/health/health.go:73.47,75.35 2 1
smart-router/internal/health/health.go:75.35,77.4 1 1
smart-router/internal/health/health.go:78.3,78.17 1 0
smart-router/internal/health/health.go:78.17,80.4 1 0
smart-router/internal/health/health.go:81.3,81.44 1 0
smart-router/internal/health/health.go:81.44,83.4 1 0
smart-router/internal/health/health.go:85.2,85.16 1 1
smart-router/internal/health/health.go:85.16,87.3 1 0
smart-router/internal/health/health.go:90.2,93.20 4 1
smart-router/internal/health/health.go:96.90,100.25 4 1
smart-router/internal/health/health.go:100.25,102.3 1 0
smart-router/internal/health/health.go:104.2,112.50 8 1
smart-router/internal/health/health.go:112.50,115.3 2 1
smart-router/internal/health/health.go:117.2,120.12 4 1
smart-router/internal/health/health.go:123.62,140.2 14 1
smart-router/internal/health/health.go:142.44,144.12 2 1
smart-router/internal/health/health.go:144.12,148.7 4 1
smart-router/internal/health/health.go:148.7,149.11 1 1
smart-router/internal/health/health.go:150.20,154.12 2 0
smart-router/internal/health/health.go:155.21,155.21 0 0
smart-router/internal/health/health.go:156.13,156.13 0 0
smart-router/internal/health/health.go:158.18,159.11 1 1
smart-router/internal/health/health.go:165.33,168.28 3 1
smart-router/internal/health/health.go:168.28,170.3 1 1
smart-router/internal/health/health.go:171.2,174.23 3 1
smart-router/internal/health/health.go:174.23,176.3 1 0
smart-router/internal/health/health.go:178.2,178.52 1 1
smart-router/internal/health/health.go:178.52,179.37 1 1
smart-router/internal/health/health.go:179.37,181.18 2 1
smart-router/internal/health/health.go:181.18,183.13 2 0
smart-router/internal/health/health.go:185.4,185.51 1 1
smart-router/internal/health/health.go:185.51,187.5 1 0
smart-router/internal/health/health.go:189.3,189.13 1 1
smart-router/internal/health/health.go:190.17,192.3 1 0
smart-router/internal/health/health.go:195.57,197.103 2 1
smart-router/internal/health/health.go:197.103,199.3 1 1
smart-router/internal/health/health.go:200.2,200.124 1 1
smart-router/internal/health/health.go:200.124,202.3 1 1
smart-router/internal/health/health.go:203.2,203.58 1 1
smart-router/internal/health/health.go:203.58,205.3 1 1
smart-router/internal/health/health.go:206.2,206.35 1 1
smart-router/internal/health/health.go:206.35,208.3 1 1
smart-router/internal/health/health.go:209.2,209.77 1 1
smart-router/internal/health/health.go:209.77,211.3 1 1
smart-router/internal/health/health.go:212.2,212.38 1 1
smart-router/internal/health/health.go:212.38,214.3 1 1
smart-router/internal/health/health.go:215.2,215.18 1 1
smart-router/internal/alerts/alerts.go:21.26,27.2 1 1
smart-router/internal/alerts/alerts.go:30.37,32.2 1 1
smart-router/internal/alerts/alerts.go:43.59,45.25 2 1
smart-router/internal/alerts/alerts.go:45.25,47.3 1 1
smart-router/internal/alerts/alerts.go:49.2,51.27 3 1
smart-router/internal/alerts/alerts.go:51.27,53.20 2 1
smart-router/internal/alerts/alerts.go:53.20,55.4 1 0
smart-router/internal/alerts/alerts.go:56.3,57.19 2 1
smart-router/internal/alerts/alerts.go:57.19,59.4 1 1
smart-router/internal/alerts/alerts.go:60.3,60.84 1 1
smart-router/internal/alerts/alerts.go:63.2,63.60 1 1
smart-router/internal/alerts/alerts.go:63.60,69.3 2 1
smart-router/internal/alerts/alerts.go:71.2,71.30 1 1
smart-router/internal/alerts/alerts.go:71.30,74.3 2 1
smart-router/internal/alerts/alerts.go:77.39,79.2 1 1
smart-router/internal/alerts/alerts.go:81.50,90.16 4 1
smart-router/internal/alerts/alerts.go:90.16,92.3 1 0
smart-router/internal/alerts/alerts.go:93.2,93.25 1 1
smart-router/internal/alerts/alerts.go:96.53,112.16 3 1
smart-router/internal/alerts/alerts.go:112.16,114.3 1 0
smart-router/internal/alerts/alerts.go:115.2,115.25 1 1
smart-router/internal/alerts/alerts.go:119.117,120.22 1 1
smart-router/internal/alerts/alerts.go:120.22,122.3 1 1
smart-router/internal/alerts/alerts.go:123.2,132.12 2 1
smart-router/internal/alerts/alerts.go:132.12,134.17 2 1
smart-router/internal/alerts/alerts.go:134.17,136.4 1 0
smart-router/internal/alerts/alerts.go:137.3,137.26 1 1
smart-router/internal/alerts/alerts.go:142.58,143.22 1 1
smart-router/internal/alerts/alerts.go:143.22,145.3 1 1
smart-router/internal/alerts/alerts.go:146.2,151.12 2 1
smart-router/internal/alerts/alerts.go:151.12,153.17 2 1
smart-router/internal/alerts/alerts.go:153.17,155.4 1 0
smart-router/internal/alerts/alerts.go:156.3,156.26 1 1
smart-router/internal/alerts/telegram.go:32.58,34.17 2 0
smart-router/internal/alerts/telegram.go:34.17,36.3 1 0
smart-router/internal/alerts/telegram.go:38.2,48.45 3 0
smart-router/internal/alerts/telegram.go:61.26,65.6 3 0
smart-router/internal/alerts/telegram.go:65.6,66.10 1 0
smart-router/internal/alerts/telegram.go:67.19,68.16 1 0
smart-router/internal/alerts/telegram.go:69.17,70.10 1 0
smart-router/internal/alerts/telegram.go:75.26,78.16 3 0
smart-router/internal/alerts/telegram.go:78.16,80.3 1 0
smart-router/internal/alerts/telegram.go:81.2,87.67 3 0
smart-router/internal/alerts/telegram.go:87.67,89.3 1 0
smart-router/internal/alerts/telegram.go:90.2,90.16 1 0
smart-router/internal/alerts/telegram.go:90.16,92.3 1 0
smart-router/internal/alerts/telegram.go:94.2,94.34 1 0
smart-router/internal/alerts/telegram.go:94.34,95.28 1 0
smart-router/internal/alerts/telegram.go:95.28,97.4 1 0
smart-router/internal/alerts/telegram.go:98.3,98.27 1 0
smart-router/internal/alerts/telegram.go:98.27,99.11 1 0
smart-router/internal/alerts/telegram.go:100.29,101.40 1 0
smart-router/internal/alerts/telegram.go:101.40,102.19 1 0
smart-router/internal/alerts/telegram.go:102.19,102.30 1 0
smart-router/internal/alerts/telegram.go:103.6,103.35 1 0
smart-router/internal/alerts/telegram.go:105.12,106.75 1 0
smart-router/internal/alerts/telegram.go:112.56,116.2 3 0
smart-router/internal/alerts/telegram.go:118.46,120.21 2 1
smart-router/internal/alerts/telegram.go:120.21,122.3 1 1
smart-router/internal/alerts/telegram.go:124.2,127.13 3 1
smart-router/internal/alerts/telegram.go:128.15,129.25 1 1
smart-router/internal/alerts/telegram.go:130.17,131.27 1 0
smart-router/internal/alerts/telegram.go:132.16,133.26 1 0
smart-router/internal/alerts/telegram.go:134.16,135.26 1 1
smart-router/internal/alerts/telegram.go:136.16,137.22 1 0
smart-router/internal/alerts/telegram.go:138.17,139.23 1 0
smart-router/internal/alerts/telegram.go:140.14,141.20 1 1
smart-router/internal/alerts/telegram.go:142.19,143.25 1 1
smart-router/internal/alerts/telegram.go:144.15,145.21 1 0
smart-router/internal/alerts/telegram.go:146.14,147.24 1 1
smart-router/internal/alerts/telegram.go:148.19,149.29 1 1
smart-router/internal/alerts/telegram.go:150.25,151.21 1 1
smart-router/internal/alerts/telegram.go:152.10,153.63 1 1
smart-router/internal/alerts/telegram.go:157.45,158.19 1 1
smart-router/internal/alerts/telegram.go:158.19,160.3 1 1
smart-router/internal/alerts/telegram.go:161.2,164.16 3 1
smart-router/internal/alerts/telegram.go:164.16,166.3 1 1
smart-router/internal/alerts/telegram.go:168.2,172.35 4 1
smart-router/internal/alerts/telegram.go:172.35,174.17 2 1
smart-router/internal/alerts/telegram.go:174.17,176.4 1 1
smart-router/internal/alerts/telegram.go:177.3,179.19 3 1
smart-router/internal/alerts/telegram.go:179.19,181.4 1 1
smart-router/internal/alerts/telegram.go:182.3,183.28 2 1
smart-router/internal/alerts/telegram.go:183.28,185.4 1 0
smart-router/internal/alerts/telegram.go:187.3,188.32 2 1
smart-router/internal/alerts/telegram.go:188.32,190.4 1 0
smart-router/internal/alerts/telegram.go:191.3,191.30 1 1
smart-router/internal/alerts/telegram.go:191.30,193.4 1 0
smart-router/internal/alerts/telegram.go:194.3,195.22 2 1
smart-router/internal/alerts/telegram.go:195.22,197.4 1 0
smart-router/internal/alerts/telegram.go:199.3,201.32 2 1
smart-router/internal/alerts/telegram.go:201.32,203.4 1 0
smart-router/internal/alerts/telegram.go:204.3,204.21 1 1
smart-router/internal/alerts/telegram.go:204.21,206.20 2 0
smart-router/internal/alerts/telegram.go:206.20,208.5 1 0
smart-router/internal/alerts/telegram.go:212.2,212.34 1 1
smart-router/internal/alerts/telegram.go:215.47,216.19 1 1
smart-router/internal/alerts/telegram.go:216.19,219.17 3 1
smart-router/internal/alerts/telegram.go:219.17,221.4 1 0
smart-router/internal/alerts/telegram.go:222.3,222.31 1 1
smart-router/internal/alerts/telegram.go:225.2,226.16 2 1
smart-router/internal/alerts/telegram.go:226.16,228.3 1 0
smart-router/internal/alerts/telegram.go:230.2,234.29 4 1
smart-router/internal/alerts/telegram.go:234.29,235.36 1 1
smart-router/internal/alerts/telegram.go:235.36,236.20 1 1
smart-router/internal/alerts/telegram.go:236.20,237.13 1 0
smart-router/internal/alerts/telegram.go:239.4,241.54 3 1
smart-router/internal/alerts/telegram.go:245.2,245.34 1 1
smart-router/internal/alerts/telegram.go:248.46,253.19 4 1
smart-router/internal/alerts/telegram.go:253.19,255.3 1 1
smart-router/internal/alerts/telegram.go:256.2,256.19 1 1
smart-router/internal/alerts/telegram.go:256.19,258.3 1 1
smart-router/internal/alerts/telegram.go:259.2,259.19 1 1
smart-router/internal/alerts/telegram.go:259.19,260.59 1 1
smart-router/internal/alerts/telegram.go:260.59,262.18 2 1
smart-router/internal/alerts/telegram.go:262.18,264.5 1 0
smart-router/internal/alerts/telegram.go:268.2,269.16 2 1
smart-router/internal/alerts/telegram.go:269.16,271.3 1 0
smart-router/internal/alerts/telegram.go:272.2,272.21 1 1
smart-router/internal/alerts/telegram.go:272.21,274.3 1 1
smart-router/internal/alerts/telegram.go:276.2,278.26 3 1
smart-router/internal/alerts/telegram.go:278.26,280.28 2 1
smart-router/internal/alerts/telegram.go:280.28,282.4 1 0
smart-router/internal/alerts/telegram.go:283.3,283.152 1 1
smart-router/internal/alerts/telegram.go:286.2,286.34 1 1
smart-router/internal/alerts/telegram.go:290.35,291.24 1 1
smart-router/internal/alerts/telegram.go:291.24,293.3 1 0
smart-router/internal/alerts/telegram.go:294.2,294.20 1 1
smart-router/internal/alerts/telegram.go:294.20,296.3 1 1
smart-router/internal/alerts/telegram.go:297.2,297.16 1 1
smart-router/internal/alerts/telegram.go:297.16,299.3 1 1
smart-router/internal/alerts/telegram.go:300.2,300.33 1 1
smart-router/internal/alerts/telegram.go:304.56,305.28 1 1
smart-router/internal/alerts/telegram.go:306.12,307.34 1 0
smart-router/internal/alerts/telegram.go:308.12,309.33 1 1
smart-router/internal/alerts/telegram.go:310.18,311.38 1 1
smart-router/internal/alerts/telegram.go:312.13,313.40 1 1
smart-router/internal/alerts/telegram.go:314.12,315.40 1 0
smart-router/internal/alerts/telegram.go:316.10,318.50 1 1
smart-router/internal/alerts/telegram.go:318.50,320.4 1 1
smart-router/internal/alerts/telegram.go:321.3,321.40 1 1
smart-router/internal/alerts/telegram.go:326.73,328.16 2 1
smart-router/internal/alerts/telegram.go:328.16,330.3 1 0
smart-router/internal/alerts/telegram.go:331.2,331.29 1 1
smart-router/internal/alerts/telegram.go:331.29,332.36 1 1
smart-router/internal/alerts/telegram.go:332.36,333.22 1 1
smart-router/internal/alerts/telegram.go:333.22,335.5 1 1
smart-router/internal/alerts/telegram.go:338.2,338.38 1 1
smart-router/internal/alerts/telegram.go:341.85,345.2 1 1
smart-router/internal/alerts/telegram.go:347.46,349.20 1 1
smart-router/internal/alerts/telegram.go:349.20,351.17 2 1
smart-router/internal/alerts/telegram.go:351.17,353.4 1 1
smart-router/internal/alerts/telegram.go:355.3,359.30 4 1
smart-router/internal/alerts/telegram.go:359.30,360.37 1 1
smart-router/internal/alerts/telegram.go:360.37,361.21 1 1
smart-router/internal/alerts/telegram.go:361.21,362.14 1 0
smart-router/internal/alerts/telegram.go:364.5,366.22 3 1
smart-router/internal/alerts/telegram.go:366.22,368.6 1 0
smart-router/internal/alerts/telegram.go:369.5,370.48 2 1
smart-router/internal/alerts/telegram.go:370.48,372.6 1 1
smart-router/internal/alerts/telegram.go:372.11,374.6 1 0
smart-router/internal/alerts/telegram.go:377.3,377.35 1 1
smart-router/internal/alerts/telegram.go:380.2,384.12 3 1
smart-router/internal/alerts/telegram.go:384.12,386.3 1 1
smart-router/internal/alerts/telegram.go:387.2,388.19 2 1
smart-router/internal/alerts/telegram.go:388.19,390.3 1 0
smart-router/internal/alerts/telegram.go:393.2,394.20 2 1
smart-router/internal/alerts/telegram.go:394.20,396.3 1 1
smart-router/internal/alerts/telegram.go:398.2,399.16 2 1
smart-router/internal/alerts/telegram.go:399.16,401.3 1 0
smart-router/internal/alerts/telegram.go:403.2,403.42 1 1
smart-router/internal/alerts/telegram.go:406.33,408.16 2 1
smart-router/internal/alerts/telegram.go:408.16,410.3 1 0
smart-router/internal/alerts/telegram.go:412.2,414.32 3 1
smart-router/internal/alerts/telegram.go:414.32,417.36 3 1
smart-router/internal/alerts/telegram.go:417.36,419.31 2 1
smart-router/internal/alerts/telegram.go:419.31,421.5 1 0
smart-router/internal/alerts/telegram.go:421.10,423.5 1 1
smart-router/internal/alerts/telegram.go:425.3,425.127 1 1
smart-router/internal/alerts/telegram.go:428.2,428.34 1 1
smart-router/internal/alerts/telegram.go:431.34,433.16 2 1
smart-router/internal/alerts/telegram.go:433.16,435.3 1 0
smart-router/internal/alerts/telegram.go:437.2,442.29 5 1
smart-router/internal/alerts/telegram.go:442.29,443.36 1 1
smart-router/internal/alerts/telegram.go:443.36,444.20 1 1
smart-router/internal/alerts/telegram.go:444.20,445.13 1 0
smart-router/internal/alerts/telegram.go:447.4,450.31 4 1
smart-router/internal/alerts/telegram.go:450.31,452.5 1 1
smart-router/internal/alerts/telegram.go:452.10,454.5 1 1
smart-router/internal/alerts/telegram.go:458.2,463.24 5 1
smart-router/internal/alerts/telegram.go:463.24,466.30 3 1
smart-router/internal/alerts/telegram.go:466.30,467.37 1 1
smart-router/internal/alerts/telegram.go:467.37,468.21 1 1
smart-router/internal/alerts/telegram.go:468.21,469.14 1 0
smart-router/internal/alerts/telegram.go:471.5,473.32 3 1
smart-router/internal/alerts/telegram.go:473.32,475.6 1 1
smart-router/internal/alerts/telegram.go:480.2,480.34 1 1
smart-router/internal/alerts/telegram.go:483.31,486.16 2 1
smart-router/internal/alerts/telegram.go:486.16,488.3 1 0
smart-router/internal/alerts/telegram.go:490.2,498.26 3 1
smart-router/internal/alerts/telegram.go:498.26,505.28 5 1
smart-router/internal/alerts/telegram.go:505.28,507.4 1 1
smart-router/internal/alerts/telegram.go:507.9,509.4 1 0
smart-router/internal/alerts/telegram.go:510.3,510.33 1 1
smart-router/internal/alerts/telegram.go:513.2,513.29 1 1
smart-router/internal/alerts/telegram.go:513.29,515.3 1 1
smart-router/internal/alerts/telegram.go:517.2,525.38 3 1
smart-router/internal/alerts/telegram.go:525.38,527.3 1 1
smart-router/internal/alerts/telegram.go:530.2,530.36 1 1
smart-router/internal/alerts/telegram.go:530.36,531.39 1 0
smart-router/internal/alerts/telegram.go:531.39,532.45 1 0
smart-router/internal/alerts/telegram.go:532.45,534.5 1 0
smart-router/internal/alerts/telegram.go:538.2,540.27 3 1
smart-router/internal/alerts/telegram.go:540.27,541.14 1 1
smart-router/internal/alerts/telegram.go:541.14,542.9 1 0
smart-router/internal/alerts/telegram.go:544.3,545.22 2 1
smart-router/internal/alerts/telegram.go:545.22,547.4 1 1
smart-router/internal/alerts/telegram.go:548.3,548.153 1 1
smart-router/internal/alerts/telegram.go:551.2,551.34 1 1
smart-router/internal/alerts/telegram.go:554.36,556.16 2 1
smart-router/internal/alerts/telegram.go:556.16,558.3 1 0
smart-router/internal/alerts/telegram.go:560.2,561.26 2 1
smart-router/internal/alerts/telegram.go:561.26,562.51 1 1
smart-router/internal/alerts/telegram.go:562.51,564.4 1 1
smart-router/internal/alerts/telegram.go:567.2,567.24 1 1
smart-router/internal/alerts/telegram.go:567.24,569.3 1 1
smart-router/internal/alerts/telegram.go:571.2,573.29 3 1
smart-router/internal/alerts/telegram.go:573.29,575.3 1 1
smart-router/internal/alerts/telegram.go:577.2,577.34 1 1
smart-router/internal/alerts/telegram.go:580.32,595.2 1 1
smart-router/internal/alerts/telegram.go:597.32,599.16 2 1
smart-router/internal/alerts/telegram.go:599.16,601.3 1 0
smart-router/internal/alerts/telegram.go:602.2,602.20 1 1
smart-router/internal/alerts/telegram.go:602.20,604.3 1 1
smart-router/internal/alerts/telegram.go:606.2,608.25 3 1
smart-router/internal/alerts/telegram.go:608.25,610.17 2 1
smart-router/internal/alerts/telegram.go:610.17,612.4 1 0
smart-router/internal/alerts/telegram.go:613.3,614.21 2 1
smart-router/internal/alerts/telegram.go:614.21,616.4 1 1
smart-router/internal/alerts/telegram.go:617.3,618.22 2 1
smart-router/internal/alerts/telegram.go:618.22,620.4 1 1
smart-router/internal/alerts/telegram.go:621.3,621.106 1 1
smart-router/internal/alerts/telegram.go:623.2,623.34 1 1
smart-router/internal/alerts/telegram.go:626.63,627.49 1 1
smart-router/internal/alerts/telegram.go:627.49,629.3 1 1
smart-router/internal/alerts/telegram.go:630.2,630.55 1 1
smart-router/internal/alerts/telegram.go:630.55,632.3 1 1
smart-router/internal/alerts/telegram.go:633.2,633.37 1 1
smart-router/internal/alerts/telegram.go:636.44,637.19 1 1
smart-router/internal/alerts/telegram.go:637.19,639.3 1 1
smart-router/internal/alerts/telegram.go:640.2,643.16 3 1
smart-router/internal/alerts/telegram.go:643.16,645.3 1 1
smart-router/internal/alerts/telegram.go:647.2,650.16 4 1
smart-router/internal/alerts/telegram.go:650.16,652.3 1 0
smart-router/internal/alerts/telegram.go:652.8,654.3 1 1
smart-router/internal/alerts/telegram.go:655.2,655.22 1 1
smart-router/internal/alerts/telegram.go:655.22,657.3 1 1
smart-router/internal/alerts/telegram.go:657.8,659.3 1 1
smart-router/internal/alerts/telegram.go:660.2,660.23 1 1
smart-router/internal/alerts/telegram.go:660.23,662.3 1 0
smart-router/internal/alerts/telegram.go:663.2,663.27 1 1
smart-router/internal/alerts/telegram.go:663.27,665.3 1 0
smart-router/internal/alerts/telegram.go:666.2,666.24 1 1
smart-router/internal/alerts/telegram.go:666.24,668.3 1 0
smart-router/internal/alerts/telegram.go:669.2,669.24 1 1
smart-router/internal/alerts/telegram.go:669.24,671.3 1 0
smart-router/internal/alerts/telegram.go:672.2,672.29 1 1
smart-router/internal/alerts/telegram.go:672.29,674.3 1 0
smart-router/internal/alerts/telegram.go:675.2,675.31 1 1
smart-router/internal/alerts/telegram.go:675.31,677.3 1 0
smart-router/internal/alerts/telegram.go:678.2,678.24 1 1
smart-router/internal/alerts/telegram.go:678.24,680.3 1 0
smart-router/internal/alerts/telegram.go:681.2,684.18 3 1
smart-router/internal/alerts/telegram.go:684.18,687.3 2 1
smart-router/internal/alerts/telegram.go:689.2,689.34 1 1
smart-router/internal/alerts/telegram.go:692.49,693.19 1 1
smart-router/internal/alerts/telegram.go:693.19,695.3 1 1
smart-router/internal/alerts/telegram.go:696.2,699.16 3 1
smart-router/internal/alerts/telegram.go:699.16,701.3 1 1
smart-router/internal/alerts/telegram.go:703.2,704.20 2 1
smart-router/internal/alerts/telegram.go:704.20,706.3 1 1
smart-router/internal/alerts/telegram.go:708.2,709.16 2 1
smart-router/internal/alerts/telegram.go:709.16,711.3 1 0
smart-router/internal/alerts/telegram.go:713.2,721.20 8 1
smart-router/internal/alerts/telegram.go:721.20,723.3 1 1
smart-router/internal/alerts/telegram.go:724.2,724.14 1 1
smart-router/internal/alerts/telegram.go:724.14,726.3 1 0
smart-router/internal/alerts/telegram.go:727.2,727.34 1 1
smart-router/internal/alerts/telegram.go:730.36,731.20 1 1
smart-router/internal/alerts/telegram.go:731.20,733.3 1 1
smart-router/internal/alerts/telegram.go:734.2,734.44 1 1
smart-router/internal/alerts/telegram.go:737.63,739.18 2 1
smart-router/internal/alerts/telegram.go:739.18,741.3 1 1
smart-router/internal/alerts/telegram.go:742.2,743.27 2 1
smart-router/internal/alerts/telegram.go:743.27,745.3 1 1
smart-router/internal/alerts/telegram.go:747.2,749.31 3 1
smart-router/internal/alerts/telegram.go:749.31,752.3 2 1
smart-router/internal/alerts/telegram.go:753.2,753.25 1 1
smart-router/internal/alerts/telegram.go:753.25,755.25 2 0
smart-router/internal/alerts/telegram.go:755.25,757.4 1 0
smart-router/internal/alerts/telegram.go:759.2,759.25 1 1
smart-router/internal/alerts/telegram.go:759.25,761.3 1 1
smart-router/internal/alerts/telegram.go:762.2,762.34 1 1
smart-router/internal/alerts/telegram.go:765.67,767.18 2 1
smart-router/internal/alerts/telegram.go:767.18,769.3 1 1
smart-router/internal/alerts/telegram.go:770.2,771.27 2 1
smart-router/internal/alerts/telegram.go:771.27,773.3 1 1
smart-router/internal/alerts/telegram.go:774.2,775.31 2 1
smart-router/internal/alerts/telegram.go:775.31,777.3 1 0
smart-router/internal/alerts/telegram.go:778.2,778.70 1 1
smart-router/internal/alerts/telegram.go:781.54,789.16 4 0
smart-router/internal/alerts/telegram.go:789.16,792.3 2 0
smart-router/internal/alerts/telegram.go:793.2,795.28 2 0
smart-router/internal/alerts/telegram.go:795.28,798.3 2 0
smart-router/main.go:19.13,21.16 2 0
smart-router/main.go:21.16,23.3 1 0
smart-router/main.go:24.2,25.16 2 0
smart-router/main.go:25.16,27.3 1 0
smart-router/main.go:28.2,29.18 2 0
smart-router/main.go:29.18,31.3 1 0
smart-router/main.go:32.2,33.22 2 0
smart-router/main.go:33.22,35.3 1 0
smart-router/main.go:36.2,39.16 3 0
smart-router/main.go:39.16,41.3 1 0
smart-router/main.go:42.2,45.16 3 0
smart-router/main.go:45.16,47.3 1 0
smart-router/main.go:48.2,54.22 4 0
smart-router/main.go:54.22,56.3 1 0
smart-router/main.go:57.2,57.68 1 0
smart-router/main.go:57.68,59.3 1 0
smart-router/main.go:60.2,67.55 5 0
smart-router/main.go:67.55,69.3 1 0
smart-router/main.go:69.8,69.23 1 0
smart-router/main.go:69.23,77.59 2 0
smart-router/main.go:77.59,79.4 1 0
smart-router/main.go:79.9,84.4 4 0
smart-router/main.go:88.2,99.47 8 0
smart-router/main.go:102.56,103.71 1 0
smart-router/main.go:103.71,107.3 3 0
smart-router/internal/providers/client.go:23.26,39.2 1 1
smart-router/internal/providers/client.go:41.58,43.27 2 1
smart-router/internal/providers/client.go:43.27,45.3 1 1
smart-router/internal/providers/client.go:46.2,46.38 1 1
smart-router/internal/providers/client.go:49.48,51.2 1 1
smart-router/internal/providers/client.go:53.45,55.2 1 1
smart-router/internal/providers/client.go:57.154,59.16 2 1
smart-router/internal/providers/client.go:59.16,61.3 1 0
smart-router/internal/providers/client.go:63.2,65.16 3 1
smart-router/internal/providers/client.go:65.16,67.3 1 0
smart-router/internal/providers/client.go:70.2,70.20 1 1
smart-router/internal/providers/client.go:70.20,71.30 1 1
smart-router/internal/providers/client.go:71.30,72.25 1 1
smart-router/internal/providers/client.go:72.25,74.5 1 1
smart-router/internal/providers/client.go:78.2,80.41 2 1
smart-router/internal/providers/client.go:80.41,83.3 2 1
smart-router/internal/providers/client.go:83.8,83.51 1 1
smart-router/internal/providers/client.go:83.51,86.3 2 1
smart-router/internal/providers/client.go:86.8,88.3 1 1
smart-router/internal/providers/client.go:90.2,90.76 1 1
smart-router/internal/providers/client.go:90.76,92.3 1 1
smart-router/internal/providers/client.go:94.2,95.16 2 1
smart-router/internal/providers/client.go:95.16,97.3 1 1
smart-router/internal/providers/client.go:99.2,99.18 1 1
smart-router/internal/providers/client.go:107.36,110.2 2 1
smart-router/internal/providers/client.go:114.128,117.16 3 1
smart-router/internal/providers/client.go:117.16,120.3 2 1
smart-router/internal/providers/client.go:121.2,122.18 2 1
smart-router/internal/providers/client.go:129.134,132.2 2 1
smart-router/internal/translation/anthropic_to_openai.go:11.101,15.45 2 1
smart-router/internal/translation/anthropic_to_openai.go:15.45,17.3 1 1
smart-router/internal/translation/anthropic_to_openai.go:20.2,20.89 1 1
smart-router/internal/translation/anthropic_to_openai.go:20.89,21.27 1 1
smart-router/internal/translation/anthropic_to_openai.go:21.27,23.4 1 1
smart-router/internal/translation/anthropic_to_openai.go:27.2,30.35 2 1
smart-router/internal/translation/anthropic_to_openai.go:30.35,32.26 2 1
smart-router/internal/translation/anthropic_to_openai.go:33.15,34.18 1 0
smart-router/internal/translation/anthropic_to_openai.go:35.22,37.24 2 1
smart-router/internal/translation/anthropic_to_openai.go:37.24,38.49 1 1
smart-router/internal/translation/anthropic_to_openai.go:38.49,39.45 1 1
smart-router/internal/translation/anthropic_to_openai.go:39.45,41.7 1 1
smart-router/internal/translation/anthropic_to_openai.go:44.4,44.42 1 1
smart-router/internal/translation/anthropic_to_openai.go:46.3,46.23 1 1
smart-router/internal/translation/anthropic_to_openai.go:46.23,51.4 1 1
smart-router/internal/translation/anthropic_to_openai.go:55.2,55.57 1 1
smart-router/internal/translation/anthropic_to_openai.go:55.57,56.29 1 1
smart-router/internal/translation/anthropic_to_openai.go:56.29,58.11 2 1
smart-router/internal/translation/anthropic_to_openai.go:58.11,60.13 2 0
smart-router/internal/translation/anthropic_to_openai.go:62.4,65.16 3 1
smart-router/internal/translation/anthropic_to_openai.go:66.21,67.54 1 1
smart-router/internal/translation/anthropic_to_openai.go:67.54,70.35 3 1
smart-router/internal/translation/anthropic_to_openai.go:70.35,72.14 2 1
smart-router/internal/translation/anthropic_to_openai.go:72.14,73.16 1 0
smart-router/internal/translation/anthropic_to_openai.go:75.7,76.24 2 1
smart-router/internal/translation/anthropic_to_openai.go:77.19,78.50 1 1
smart-router/internal/translation/anthropic_to_openai.go:78.50,80.9 1 1
smart-router/internal/translation/anthropic_to_openai.go:81.23,86.24 5 1
smart-router/internal/translation/anthropic_to_openai.go:86.24,87.54 1 1
smart-router/internal/translation/anthropic_to_openai.go:87.54,89.10 1 1
smart-router/internal/translation/anthropic_to_openai.go:91.8,98.10 1 1
smart-router/internal/translation/anthropic_to_openai.go:101.6,104.28 2 1
smart-router/internal/translation/anthropic_to_openai.go:104.28,106.7 1 1
smart-router/internal/translation/anthropic_to_openai.go:107.6,107.28 1 1
smart-router/internal/translation/anthropic_to_openai.go:107.28,109.41 2 1
smart-router/internal/translation/anthropic_to_openai.go:109.41,111.8 1 0
smart-router/internal/translation/anthropic_to_openai.go:113.6,113.47 1 1
smart-router/internal/translation/anthropic_to_openai.go:114.11,116.6 1 0
smart-router/internal/translation/anthropic_to_openai.go:118.16,119.54 1 1
smart-router/internal/translation/anthropic_to_openai.go:119.54,123.35 3 1
smart-router/internal/translation/anthropic_to_openai.go:123.35,125.14 2 1
smart-router/internal/translation/anthropic_to_openai.go:125.14,127.16 2 0
smart-router/internal/translation/anthropic_to_openai.go:129.7,130.37 2 1
smart-router/internal/translation/anthropic_to_openai.go:130.37,134.43 4 1
smart-router/internal/translation/anthropic_to_openai.go:134.43,136.9 1 1
smart-router/internal/translation/anthropic_to_openai.go:136.14,138.9 1 0
smart-router/internal/translation/anthropic_to_openai.go:139.8,143.10 1 1
smart-router/internal/translation/anthropic_to_openai.go:144.13,144.38 1 1
smart-router/internal/translation/anthropic_to_openai.go:144.38,155.8 5 1
smart-router/internal/translation/anthropic_to_openai.go:155.13,157.8 1 0
smart-router/internal/translation/anthropic_to_openai.go:161.6,161.37 1 1
smart-router/internal/translation/anthropic_to_openai.go:161.37,163.7 1 1
smart-router/internal/translation/anthropic_to_openai.go:166.6,166.29 1 1
smart-router/internal/translation/anthropic_to_openai.go:166.29,171.7 1 1
smart-router/internal/translation/anthropic_to_openai.go:172.11,174.6 1 1
smart-router/internal/translation/anthropic_to_openai.go:176.12,177.37 1 0
smart-router/internal/translation/anthropic_to_openai.go:182.2,185.55 2 1
smart-router/internal/translation/anthropic_to_openai.go:185.55,187.30 2 1
smart-router/internal/translation/anthropic_to_openai.go:187.30,189.11 2 1
smart-router/internal/translation/anthropic_to_openai.go:189.11,190.13 1 0
smart-router/internal/translation/anthropic_to_openai.go:192.4,198.52 2 1
smart-router/internal/translation/anthropic_to_openai.go:198.52,200.5 1 1
smart-router/internal/translation/anthropic_to_openai.go:201.4,201.71 1 1
smart-router/internal/translation/anthropic_to_openai.go:201.71,203.5 1 1
smart-router/internal/translation/anthropic_to_openai.go:204.4,204.40 1 1
smart-router/internal/translation/anthropic_to_openai.go:206.3,206.24 1 1
smart-router/internal/translation/anthropic_to_openai.go:206.24,208.4 1 1
smart-router/internal/translation/anthropic_to_openai.go:212.2,212.42 1 1
smart-router/internal/translation/anthropic_to_openai.go:212.42,213.29 1 1
smart-router/internal/translation/anthropic_to_openai.go:214.31,216.18 2 1
smart-router/internal/translation/anthropic_to_openai.go:217.16,218.35 1 1
smart-router/internal/translation/anthropic_to_openai.go:219.15,220.39 1 1
smart-router/internal/translation/anthropic_to_openai.go:221.16,222.35 1 1
smart-router/internal/translation/anthropic_to_openai.go:223.16,224.44 1 1
smart-router/internal/translation/anthropic_to_openai.go:224.44,231.6 1 1
smart-router/internal/translation/anthropic_to_openai.go:233.15,234.30 1 0
smart-router/internal/translation/anthropic_to_openai.go:238.2,238.20 1 1
smart-router/internal/translation/anthropic_to_openai.go:243.70,272.54 2 1
smart-router/internal/translation/anthropic_to_openai.go:272.54,274.3 1 0
smart-router/internal/translation/anthropic_to_openai.go:276.2,276.30 1 1
smart-router/internal/translation/anthropic_to_openai.go:276.30,279.3 1 1
smart-router/internal/translation/anthropic_to_openai.go:281.2,287.56 4 1
smart-router/internal/translation/anthropic_to_openai.go:287.56,292.3 1 1
smart-router/internal/translation/anthropic_to_openai.go:292.8,292.62 1 1
smart-router/internal/translation/anthropic_to_openai.go:292.62,293.32 1 0
smart-router/internal/translation/anthropic_to_openai.go:293.32,294.51 1 0
smart-router/internal/translation/anthropic_to_openai.go:294.51,296.5 1 0
smart-router/internal/translation/anthropic_to_openai.go:301.2,301.35 1 1
smart-router/internal/translation/anthropic_to_openai.go:301.35,303.34 2 1
smart-router/internal/translation/anthropic_to_openai.go:303.34,305.4 1 1
smart-router/internal/translation/anthropic_to_openai.go:306.3,311.5 1 1
smart-router/internal/translation/anthropic_to_openai.go:315.2,315.25 1 1
smart-router/internal/translation/anthropic_to_openai.go:315.25,320.3 1 1
smart-router/internal/translation/anthropic_to_openai.go:322.2,322.23 1 1
smart-router/internal/translation/anthropic_to_openai.go:322.23,327.3 1 1
smart-router/internal/translation/anthropic_to_openai.go:329.2,330.29 2 1
smart-router/internal/translation/anthropic_to_openai.go:331.37,332.26 1 1
smart-router/internal/translation/anthropic_to_openai.go:333.16,334.28 1 1
smart-router/internal/translation/anthropic_to_openai.go:335.14,336.26 1 1
smart-router/internal/translation/anthropic_to_openai.go:339.2,352.32 2 1
smart-router/internal/translation/anthropic_to_openai.go:355.47,356.40 1 1
smart-router/internal/translation/anthropic_to_openai.go:356.40,358.3 1 1
smart-router/internal/translation/anthropic_to_openai.go:359.2,359.11 1 1
smart-router/internal/translation/openai_to_anthropic_stream.go:11.58,14.12 2 1
smart-router/internal/translation/openai_to_anthropic_stream.go:14.12,22.22 7 1
smart-router/internal/translation/openai_to_anthropic_stream.go:22.22,25.37 2 1
smart-router/internal/translation/openai_to_anthropic_stream.go:25.37,26.13 1 1
smart-router/internal/translation/openai_to_anthropic_stream.go:29.4,29.41 1 1
smart-router/internal/translation/openai_to_anthropic_stream.go:29.41,30.13 1 0
smart-router/internal/translation/openai_to_anthropic_stream.go:33.4,34.18 2 1
smart-router/internal/translation/openai_to_anthropic_stream.go:34.18,35.13 1 0
smart-router/internal/translation/openai_to_anthropic_stream.go:38.4,38.24 1 1
smart-router/internal/translation/openai_to_anthropic_stream.go:38.24,39.84 1 1
smart-router/internal/translation/openai_to_anthropic_stream.go:39.84,42.6 2 0
smart-router/internal/translation/openai_to_anthropic_stream.go:43.5,43.13 1 1
smart-router/internal/translation/openai_to_anthropic_stream.go:46.4,47.63 2 1
smart-router/internal/translation/openai_to_anthropic_stream.go:47.63,48.13 1 1
smart-router/internal/translation/openai_to_anthropic_stream.go:52.4,52.54 1 1
smart-router/internal/translation/openai_to_anthropic_stream.go:52.54,54.5 1 1
smart-router/internal/translation/openai_to_anthropic_stream.go:55.4,55.55 1 1
smart-router/internal/translation/openai_to_anthropic_stream.go:55.55,57.5 1 1
smart-router/internal/translation/openai_to_anthropic_stream.go:59.4,60.25 2 1
smart-router/internal/translation/openai_to_anthropic_stream.go:60.25,62.65 1 1
smart-router/internal/translation/openai_to_anthropic_stream.go:62.65,68.101 3 1
smart-router/internal/translation/openai_to_anthropic_stream.go:68.101,71.7 2 0
smart-router/internal/translation/openai_to_anthropic_stream.go:73.5,73.13 1 1
smart-router/internal/translation/openai_to_anthropic_stream.go:76.4,81.92 4 1
smart-router/internal/translation/openai_to_anthropic_stream.go:81.92,93.100 3 1
smart-router/internal/translation/openai_to_anthropic_stream.go:93.100,96.6 2 0
smart-router/internal/translation/openai_to_anthropic_stream.go:97.5,97.20 1 1
smart-router/internal/translation/openai_to_anthropic_stream.go:101.4,101.92 1 1
smart-router/internal/translation/openai_to_anthropic_stream.go:101.92,102.40 1 1
smart-router/internal/translation/openai_to_anthropic_stream.go:102.40,104.13 2 1
smart-router/internal/translation/openai_to_anthropic_stream.go:104.13,105.15 1 0
smart-router/internal/translation/openai_to_anthropic_stream.go:107.6,110.13 4 1
smart-router/internal/translation/openai_to_anthropic_stream.go:110.13,111.15 1 0
smart-router/internal/translation/openai_to_anthropic_stream.go:113.6,116.70 3 1
smart-router/internal/translation/openai_to_anthropic_stream.go:116.70,134.108 4 1
smart-router/internal/translation/openai_to_anthropic_stream.go:134.108,137.8 2 0
smart-router/internal/translation/openai_to_anthropic_stream.go:140.6,140.44 1 1
smart-router/internal/translation/openai_to_anthropic_stream.go:140.44,151.108 3 1
smart-router/internal/translation/openai_to_anthropic_stream.go:151.108,154.8 2 0
smart-router/internal/translation/openai_to_anthropic_stream.go:157.5,157.13 1 1
smart-router/internal/translation/openai_to_anthropic_stream.go:161.4,161.63 1 1
smart-router/internal/translation/openai_to_anthropic_stream.go:161.63,171.106 3 1
smart-router/internal/translation/openai_to_anthropic_stream.go:171.106,174.6 2 0
smart-router/internal/translation/openai_to_anthropic_stream.go:178.4,178.75 1 1
smart-router/internal/translation/openai_to_anthropic_stream.go:178.75,188.106 3 1
smart-router/internal/translation/openai_to_anthropic_stream.go:188.106,191.6 2 0
smart-router/internal/translation/openai_to_anthropic_stream.go:195.4,195.26 1 1
smart-router/internal/translation/openai_to_anthropic_stream.go:195.26,197.25 2 1
smart-router/internal/translation/openai_to_anthropic_stream.go:198.23,199.29 1 1
smart-router/internal/translation/openai_to_anthropic_stream.go:200.19,201.31 1 0
smart-router/internal/translation/openai_to_anthropic_stream.go:202.17,203.29 1 1
smart-router/internal/translation/openai_to_anthropic_stream.go:205.5,212.100 3 1
smart-router/internal/translation/openai_to_anthropic_stream.go:212.100,215.6 2 0
smart-router/internal/translation/openai_to_anthropic_stream.go:219.3,219.39 1 1
smart-router/internal/translation/openai_to_anthropic_stream.go:219.39,221.4 1 0
smart-router/internal/translation/openai_to_anthropic_stream.go:224.2,224.11 1 1
smart-router/internal/translation/streaming.go:12.77,13.28 1 1
smart-router/internal/translation/streaming.go:13.28,15.3 1 1
smart-router/internal/translation/streaming.go:16.2,16.55 1 1
smart-router/internal/translation/streaming.go:16.55,18.3 1 1
smart-router/internal/translation/streaming.go:19.2,19.15 1 1
smart-router/internal/translation/streaming.go:31.58,34.12 2 1
smart-router/internal/translation/streaming.go:34.12,42.22 7 1
smart-router/internal/translation/streaming.go:42.22,45.37 2 1
smart-router/internal/translation/streaming.go:45.37,46.13 1 1
smart-router/internal/translation/streaming.go:49.4,49.41 1 1
smart-router/internal/translation/streaming.go:49.41,50.13 1 0
smart-router/internal/translation/streaming.go:53.4,54.18 2 1
smart-router/internal/translation/streaming.go:54.18,55.13 1 0
smart-router/internal/translation/streaming.go:59.4,59.20 1 1
smart-router/internal/translation/streaming.go:59.20,60.13 1 0
smart-router/internal/translation/streaming.go:63.4,64.63 2 1
smart-router/internal/translation/streaming.go:64.63,65.13 1 1
smart-router/internal/translation/streaming.go:68.4,70.21 2 1
smart-router/internal/translation/streaming.go:71.25,73.19 2 1
smart-router/internal/translation/streaming.go:73.19,74.41 1 1
smart-router/internal/translation/streaming.go:74.41,76.7 1 1
smart-router/internal/translation/streaming.go:77.6,77.44 1 1
smart-router/internal/translation/streaming.go:77.44,79.7 1 1
smart-router/internal/translation/streaming.go:82.31,85.28 3 1
smart-router/internal/translation/streaming.go:85.28,86.14 1 0
smart-router/internal/translation/streaming.go:88.5,89.32 2 1
smart-router/internal/translation/streaming.go:89.32,120.19 5 1
smart-router/internal/translation/streaming.go:120.19,123.7 2 1
smart-router/internal/translation/streaming.go:124.6,125.79 2 1
smart-router/internal/translation/streaming.go:125.79,128.7 2 0
smart-router/internal/translation/streaming.go:131.31,134.21 3 1
smart-router/internal/translation/streaming.go:134.21,135.14 1 0
smart-router/internal/translation/streaming.go:139.5,139.62 1 1
smart-router/internal/translation/streaming.go:139.62,141.19 2 1
smart-router/internal/translation/streaming.go:141.19,142.15 1 0
smart-router/internal/translation/streaming.go:144.6,164.19 2 1
smart-router/internal/translation/streaming.go:164.19,167.7 2 0
smart-router/internal/translation/streaming.go:168.6,169.79 2 1
smart-router/internal/translation/streaming.go:169.79,172.7 2 0
smart-router/internal/translation/streaming.go:173.6,173.14 1 1
smart-router/internal/translation/streaming.go:177.5,178.19 2 1
smart-router/internal/translation/streaming.go:178.19,179.14 1 0
smart-router/internal/translation/streaming.go:182.5,195.18 2 1
smart-router/internal/translation/streaming.go:195.18,198.6 2 1
smart-router/internal/translation/streaming.go:200.5,201.78 2 1
smart-router/internal/translation/streaming.go:201.78,204.6 2 0
smart-router/internal/translation/streaming.go:206.26,208.21 2 1
smart-router/internal/translation/streaming.go:208.21,209.14 1 0
smart-router/internal/translation/streaming.go:211.5,212.23 2 1
smart-router/internal/translation/streaming.go:212.23,213.14 1 0
smart-router/internal/translation/streaming.go:215.5,228.18 2 1
smart-router/internal/translation/streaming.go:228.18,231.6 2 1
smart-router/internal/translation/streaming.go:232.5,233.78 2 1
smart-router/internal/translation/streaming.go:233.78,236.6 2 0
smart-router/internal/translation/streaming.go:238.30,240.32 2 1
smart-router/internal/translation/streaming.go:242.25,257.21 4 1
smart-router/internal/translation/streaming.go:257.21,259.6 1 1
smart-router/internal/translation/streaming.go:260.5,261.78 2 1
smart-router/internal/translation/streaming.go:261.78,264.6 2 0
smart-router/internal/translation/streaming.go:266.24,267.67 1 1
smart-router/internal/translation/streaming.go:267.67,270.6 2 0
smart-router/internal/translation/streaming.go:274.3,274.39 1 1
smart-router/internal/translation/streaming.go:274.39,276.4 1 0
smart-router/internal/translation/streaming.go:279.2,279.11 1 1
smart-router/internal/translation/streaming.go:283.51,285.2 1 1
smart-router/internal/translation/translate.go:14.119,15.17 1 1
smart-router/internal/translation/translate.go:15.17,17.3 1 1
smart-router/internal/translation/translate.go:19.2,19.34 1 1
smart-router/internal/translation/translate.go:19.34,21.3 1 1
smart-router/internal/translation/translate.go:24.2,25.25 2 1
smart-router/internal/translation/translate.go:25.25,27.3 1 1
smart-router/internal/translation/translate.go:29.2,29.61 1 1
smart-router/internal/translation/translate.go:29.61,30.41 1 1
smart-router/internal/translation/translate.go:30.41,32.4 1 1
smart-router/internal/translation/translate.go:33.3,33.58 1 1
smart-router/internal/translation/translate.go:33.58,35.4 1 0
smart-router/internal/translation/translate.go:36.3,36.21 1 1
smart-router/internal/translation/translate.go:39.2,39.61 1 1
smart-router/internal/translation/translate.go:39.61,41.3 1 0
smart-router/internal/translation/translate.go:43.2,43.89 1 1
smart-router/internal/translation/translate.go:48.66,51.46 3 1
smart-router/internal/translation/translate.go:51.46,53.3 1 0
smart-router/internal/translation/translate.go:54.2,54.12 1 1
smart-router/internal/translation/translate.go:58.48,60.9 2 1
smart-router/internal/translation/translate.go:60.9,62.3 1 1
smart-router/internal/translation/translate.go:63.2,64.9 2 1
smart-router/internal/translation/translate.go:64.9,68.3 3 0
smart-router/internal/translation/translate.go:70.2,71.26 2 1
smart-router/internal/translation/translate.go:71.26,73.10 2 1
smart-router/internal/translation/translate.go:73.10,74.12 1 1
smart-router/internal/translation/translate.go:76.3,77.10 2 1
smart-router/internal/translation/translate.go:77.10,78.12 1 0
smart-router/internal/translation/translate.go:80.3,83.49 2 1
smart-router/internal/translation/translate.go:83.49,85.4 1 1
smart-router/internal/translation/translate.go:86.3,86.66 1 1
smart-router/internal/translation/translate.go:86.66,88.4 1 1
smart-router/internal/translation/translate.go:89.3,89.39 1 1
smart-router/internal/translation/translate.go:92.2,92.23 1 1
smart-router/internal/translation/translate.go:92.23,94.3 1 1
smart-router/internal/translation/translate.go:94.8,96.3 1 1
smart-router/internal/translation/translate.go:100.53,102.9 2 1
smart-router/internal/translation/translate.go:102.9,104.3 1 1
smart-router/internal/translation/translate.go:106.2,106.26 1 1
smart-router/internal/translation/translate.go:107.14,108.13 1 1
smart-router/internal/translation/translate.go:109.15,110.64 1 1
smart-router/internal/translation/translate.go:111.26,112.63 1 1
smart-router/internal/translation/translate.go:113.15,114.64 1 1
smart-router/internal/translation/translate.go:115.11,116.64 1 1
smart-router/internal/translation/translate.go:118.30,119.31 1 1
smart-router/internal/translation/translate.go:119.31,121.43 2 1
smart-router/internal/translation/translate.go:121.43,127.5 2 1
smart-router/internal/translation/translate.go:130.10,131.30 1 1
smart-router/internal/translation/translate.go:137.57,139.9 2 1
smart-router/internal/translation/translate.go:139.9,141.3 1 1
smart-router/internal/translation/translate.go:142.2,143.9 2 1
smart-router/internal/translation/translate.go:143.9,145.3 1 0
smart-router/internal/translation/translate.go:147.2,150.25 3 1
smart-router/internal/translation/translate.go:150.25,152.10 2 1
smart-router/internal/translation/translate.go:152.10,154.12 2 1
smart-router/internal/translation/translate.go:156.3,157.15 2 1
smart-router/internal/translation/translate.go:158.17,160.54 2 1
smart-router/internal/translation/translate.go:160.54,165.5 1 1
smart-router/internal/translation/translate.go:165.10,165.53 1 1
smart-router/internal/translation/translate.go:165.53,166.30 1 1
smart-router/internal/translation/translate.go:166.30,167.52 1 1
smart-router/internal/translation/translate.go:167.52,169.7 1 1
smart-router/internal/translation/translate.go:172.4,172.12 1 1
smart-router/internal/translation/translate.go:173.15,177.37 4 1
smart-router/internal/translation/translate.go:177.37,179.5 1 1
smart-router/internal/translation/translate.go:179.10,181.5 1 0
smart-router/internal/translation/translate.go:182.4,182.24 1 1
smart-router/internal/translation/translate.go:182.24,193.5 1 1
smart-router/internal/translation/translate.go:193.10,198.5 1 1
smart-router/internal/translation/translate.go:199.4,199.12 1 1
smart-router/internal/translation/translate.go:200.20,201.70 1 1
smart-router/internal/translation/translate.go:201.70,206.26 3 1
smart-router/internal/translation/translate.go:206.26,211.6 1 1
smart-router/internal/translation/translate.go:214.5,214.26 1 1
smart-router/internal/translation/translate.go:214.26,216.13 2 1
smart-router/internal/translation/translate.go:216.13,217.15 1 0
smart-router/internal/translation/translate.go:219.6,225.23 6 1
smart-router/internal/translation/translate.go:225.23,227.7 1 1
smart-router/internal/translation/translate.go:228.6,228.22 1 1
smart-router/internal/translation/translate.go:228.22,230.7 1 0
smart-router/internal/translation/translate.go:232.6,237.8 1 1
smart-router/internal/translation/translate.go:240.5,244.13 2 1
smart-router/internal/translation/translate.go:247.4,247.60 1 1
smart-router/internal/translation/translate.go:247.60,252.13 2 1
smart-router/internal/translation/translate.go:254.15,256.60 1 1
smart-router/internal/translation/translate.go:256.60,261.13 2 1
smart-router/internal/translation/translate.go:264.3,264.33 1 1
smart-router/internal/translation/translate.go:267.2,267.26 1 1
smart-router/internal/translation/translate.go:267.26,268.28 1 1
smart-router/internal/translation/translate.go:268.28,270.4 1 1
smart-router/internal/translation/translate.go:270.9,272.4 1 1
smart-router/internal/translation/translate.go:274.2,275.12 2 1
smart-router/internal/translation/translate.go:280.69,282.27 2 1
smart-router/internal/translation/translate.go:282.27,284.10 2 1
smart-router/internal/translation/translate.go:284.10,285.12 1 1
smart-router/internal/translation/translate.go:287.3,288.20 2 1
smart-router/internal/translation/translate.go:289.20,291.48 2 1
smart-router/internal/translation/translate.go:291.48,293.5 1 1
smart-router/internal/translation/translate.go:293.10,293.73 1 1
smart-router/internal/translation/translate.go:293.73,295.5 1 1
smart-router/internal/translation/translate.go:296.4,297.65 2 1
smart-router/internal/translation/translate.go:297.65,299.5 1 1
smart-router/internal/translation/translate.go:300.4,308.6 2 1
smart-router/internal/translation/translate.go:309.15,314.6 2 1
smart-router/internal/translation/translate.go:315.11,316.34 1 1
smart-router/internal/translation/translate.go:319.2,319.15 1 1
smart-router/internal/translation/translate.go:323.38,324.29 1 1
smart-router/internal/translation/translate.go:324.29,326.3 1 1
smart-router/internal/translation/translate.go:327.2,328.16 2 1
smart-router/internal/translation/translate.go:328.16,330.3 1 1
smart-router/internal/translation/translate.go:331.2,331.18 1 1
smart-router/internal/translation/translate.go:335.82,336.28 1 1
smart-router/internal/translation/translate.go:336.28,338.3 1 1
smart-router/internal/translation/translate.go:339.2,339.55 1 1
smart-router/internal/translation/translate.go:339.55,341.3 1 1
smart-router/internal/translation/translate.go:342.2,342.18 1 1
smart-router/internal/translation/translate.go:345.62,371.57 2 1
smart-router/internal/translation/translate.go:371.57,373.3 1 1
smart-router/internal/translation/translate.go:377.2,377.74 1 1
smart-router/internal/translation/translate.go:377.74,379.3 1 0
smart-router/internal/translation/translate.go:380.2,380.79 1 1
smart-router/internal/translation/translate.go:380.79,382.3 1 0
smart-router/internal/translation/translate.go:384.2,387.38 4 1
smart-router/internal/translation/translate.go:387.38,388.17 1 1
smart-router/internal/translation/translate.go:389.15,390.31 1 1
smart-router/internal/translation/translate.go:391.19,393.24 2 1
smart-router/internal/translation/translate.go:393.24,395.5 1 1
smart-router/internal/translation/translate.go:396.4,404.6 1 1
smart-router/internal/translation/translate.go:405.16,411.6 1 0
smart-router/internal/translation/translate.go:415.2,416.22 2 1
smart-router/internal/translation/translate.go:417.18,418.24 1 1
smart-router/internal/translation/translate.go:419.20,420.26 1 1
smart-router/internal/translation/translate.go:421.18,422.30 1 1
smart-router/internal/translation/translate.go:423.10,424.24 1 0
smart-router/internal/translation/translate.go:427.2,432.24 3 1
smart-router/internal/translation/translate.go:432.24,434.23 2 1
smart-router/internal/translation/translate.go:434.23,436.4 1 1
smart-router/internal/translation/translate.go:438.2,438.24 1 1
smart-router/internal/translation/translate.go:438.24,439.23 1 0
smart-router/internal/translation/translate.go:439.23,444.4 1 0
smart-router/internal/translation/translate.go:445.3,445.29 1 0
smart-router/internal/translation/translate.go:448.2,467.29 2 1
smart-router/internal/types/types.go:78.36,79.19 1 1
smart-router/internal/types/types.go:79.19,81.3 1 1
smart-router/internal/types/types.go:82.2,82.44 1 1
smart-router/internal/router/router.go:37.66,48.2 1 1
smart-router/internal/router/router.go:50.76,54.51 4 1
smart-router/internal/router/router.go:54.51,56.3 1 1
smart-router/internal/router/router.go:58.2,59.16 2 1
smart-router/internal/router/router.go:59.16,61.3 1 0
smart-router/internal/router/router.go:63.2,66.18 4 1
smart-router/internal/router/router.go:69.51,73.2 3 1
smart-router/internal/router/router.go:75.43,79.2 3 1
smart-router/internal/router/router.go:94.45,96.2 1 1
smart-router/internal/router/router.go:98.48,100.2 1 1
smart-router/internal/router/router.go:103.194,105.2 1 1
smart-router/internal/router/router.go:107.123,108.25 1 1
smart-router/internal/router/router.go:108.25,110.3 1 1
smart-router/internal/router/router.go:111.2,111.18 1 1
smart-router/internal/router/router.go:112.21,118.90 6 1
smart-router/internal/router/router.go:119.30,121.31 2 1
smart-router/internal/router/router.go:121.31,123.14 2 1
smart-router/internal/router/router.go:123.14,125.5 1 0
smart-router/internal/router/router.go:126.4,126.20 1 1
smart-router/internal/router/router.go:128.3,128.23 1 1
smart-router/internal/router/router.go:128.23,130.4 1 0
smart-router/internal/router/router.go:131.3,138.31 8 1
smart-router/internal/router/router.go:138.31,140.14 2 1
smart-router/internal/router/router.go:140.14,142.5 1 0
smart-router/internal/router/router.go:143.4,144.20 2 1
smart-router/internal/router/router.go:144.20,146.10 2 1
smart-router/internal/router/router.go:149.3,149.100 1 1
smart-router/internal/router/router.go:150.13,154.42 4 1
smart-router/internal/router/router.go:154.42,158.4 3 1
smart-router/internal/router/router.go:159.3,160.16 2 1
smart-router/internal/router/router.go:161.10,162.19 1 1
smart-router/internal/router/router.go:166.214,168.16 2 1
smart-router/internal/router/router.go:168.16,170.3 1 0
smart-router/internal/router/router.go:172.2,177.35 4 1
smart-router/internal/router/router.go:177.35,178.32 1 1
smart-router/internal/router/router.go:178.32,180.4 1 1
smart-router/internal/router/router.go:180.9,182.4 1 1
smart-router/internal/router/router.go:185.2,191.44 5 1
smart-router/internal/router/router.go:191.44,193.42 1 1
smart-router/internal/router/router.go:193.42,194.32 1 1
smart-router/internal/router/router.go:194.32,196.13 2 1
smart-router/internal/router/router.go:198.4,200.18 3 1
smart-router/internal/router/router.go:200.18,202.13 2 1
smart-router/internal/router/router.go:204.4,204.36 1 1
smart-router/internal/router/router.go:208.3,209.17 2 1
smart-router/internal/router/router.go:209.17,212.4 1 0
smart-router/internal/router/router.go:213.3,213.55 1 1
smart-router/internal/router/router.go:213.55,215.12 2 1
smart-router/internal/router/router.go:219.3,220.26 2 1
smart-router/internal/router/router.go:220.26,222.4 1 1
smart-router/internal/router/router.go:223.3,227.17 3 1
smart-router/internal/router/router.go:227.17,239.12 4 1
smart-router/internal/router/router.go:242.3,246.38 4 1
smart-router/internal/router/router.go:246.38,248.4 1 1
smart-router/internal/router/router.go:249.3,249.18 1 1
smart-router/internal/router/router.go:249.18,251.4 1 1
smart-router/internal/router/router.go:251.9,253.4 1 1
smart-router/internal/router/router.go:255.3,255.17 1 1
smart-router/internal/router/router.go:255.17,271.12 6 1
smart-router/internal/router/router.go:274.3,274.54 1 1
smart-router/internal/router/router.go:274.54,281.4 5 1
smart-router/internal/router/router.go:284.3,285.23 2 1
smart-router/internal/router/router.go:285.23,289.4 3 1
smart-router/internal/router/router.go:291.3,304.114 5 1
smart-router/internal/router/router.go:307.2,307.114 1 1
smart-router/internal/alerts/alerts.go:21.26,27.2 1 1
smart-router/internal/alerts/alerts.go:30.37,32.2 1 1
smart-router/internal/alerts/alerts.go:43.59,45.25 2 1
smart-router/internal/alerts/alerts.go:45.25,47.3 1 1
smart-router/internal/alerts/alerts.go:49.2,51.27 3 1
smart-router/internal/alerts/alerts.go:51.27,53.20 2 1
smart-router/internal/alerts/alerts.go:53.20,55.4 1 0
smart-router/internal/alerts/alerts.go:56.3,57.19 2 1
smart-router/internal/alerts/alerts.go:57.19,59.4 1 1
smart-router/internal/alerts/alerts.go:60.3,60.84 1 1
smart-router/internal/alerts/alerts.go:63.2,63.60 1 1
smart-router/internal/alerts/alerts.go:63.60,69.3 2 1
smart-router/internal/alerts/alerts.go:71.2,71.30 1 1
smart-router/internal/alerts/alerts.go:71.30,74.3 2 1
smart-router/internal/alerts/alerts.go:77.39,79.2 1 1
smart-router/internal/alerts/alerts.go:81.50,90.16 4 1
smart-router/internal/alerts/alerts.go:90.16,92.3 1 0
smart-router/internal/alerts/alerts.go:93.2,93.25 1 1
smart-router/internal/alerts/alerts.go:96.53,112.16 3 1
smart-router/internal/alerts/alerts.go:112.16,114.3 1 0
smart-router/internal/alerts/alerts.go:115.2,115.25 1 1
smart-router/internal/alerts/alerts.go:119.117,120.22 1 1
smart-router/internal/alerts/alerts.go:120.22,122.3 1 1
smart-router/internal/alerts/alerts.go:123.2,132.12 2 1
smart-router/internal/alerts/alerts.go:132.12,134.17 2 1
smart-router/internal/alerts/alerts.go:134.17,136.4 1 0
smart-router/internal/alerts/alerts.go:137.3,137.26 1 1
smart-router/internal/alerts/alerts.go:142.58,143.22 1 1
smart-router/internal/alerts/alerts.go:143.22,145.3 1 1
smart-router/internal/alerts/alerts.go:146.2,151.12 2 1
smart-router/internal/alerts/alerts.go:151.12,153.17 2 1
smart-router/internal/alerts/alerts.go:153.17,155.4 1 0
smart-router/internal/alerts/alerts.go:156.3,156.26 1 1
smart-router/internal/alerts/telegram.go:32.58,34.17 2 0
smart-router/internal/alerts/telegram.go:34.17,36.3 1 0
smart-router/internal/alerts/telegram.go:38.2,48.45 3 0
smart-router/internal/alerts/telegram.go:61.26,65.6 3 0
smart-router/internal/alerts/telegram.go:65.6,66.10 1 0
smart-router/internal/alerts/telegram.go:67.19,68.16 1 0
smart-router/internal/alerts/telegram.go:69.17,70.10 1 0
smart-router/internal/alerts/telegram.go:75.26,78.16 3 0
smart-router/internal/alerts/telegram.go:78.16,80.3 1 0
smart-router/internal/alerts/telegram.go:81.2,87.67 3 0
smart-router/internal/alerts/telegram.go:87.67,89.3 1 0
smart-router/internal/alerts/telegram.go:90.2,90.16 1 0
smart-router/internal/alerts/telegram.go:90.16,92.3 1 0
smart-router/internal/alerts/telegram.go:94.2,94.34 1 0
smart-router/internal/alerts/telegram.go:94.34,95.28 1 0
smart-router/internal/alerts/telegram.go:95.28,97.4 1 0
smart-router/internal/alerts/telegram.go:98.3,98.27 1 0
smart-router/internal/alerts/telegram.go:98.27,99.11 1 0
smart-router/internal/alerts/telegram.go:100.29,101.40 1 0
smart-router/internal/alerts/telegram.go:101.40,102.19 1 0
smart-router/internal/alerts/telegram.go:102.19,102.30 1 0
smart-router/internal/alerts/telegram.go:103.6,103.35 1 0
smart-router/internal/alerts/telegram.go:105.12,106.75 1 0
smart-router/internal/alerts/telegram.go:112.56,116.2 3 0
smart-router/internal/alerts/telegram.go:118.46,120.21 2 1
smart-router/internal/alerts/telegram.go:120.21,122.3 1 1
smart-router/internal/alerts/telegram.go:124.2,127.13 3 1
smart-router/internal/alerts/telegram.go:128.15,129.25 1 1
smart-router/internal/alerts/telegram.go:130.17,131.27 1 0
smart-router/internal/alerts/telegram.go:132.16,133.26 1 0
smart-router/internal/alerts/telegram.go:134.16,135.26 1 1
smart-router/internal/alerts/telegram.go:136.16,137.22 1 0
smart-router/internal/alerts/telegram.go:138.17,139.23 1 0
smart-router/internal/alerts/telegram.go:140.14,141.20 1 1
smart-router/internal/alerts/telegram.go:142.19,143.25 1 1
smart-router/internal/alerts/telegram.go:144.15,145.21 1 0
smart-router/internal/alerts/telegram.go:146.14,147.24 1 1
smart-router/internal/alerts/telegram.go:148.19,149.29 1 1
smart-router/internal/alerts/telegram.go:150.25,151.21 1 1
smart-router/internal/alerts/telegram.go:152.10,153.63 1 1
smart-router/internal/alerts/telegram.go:157.45,158.19 1 1
smart-router/internal/alerts/telegram.go:158.19,160.3 1 1
smart-router/internal/alerts/telegram.go:161.2,164.16 3 1
smart-router/internal/alerts/telegram.go:164.16,166.3 1 1
smart-router/internal/alerts/telegram.go:168.2,172.35 4 1
smart-router/internal/alerts/telegram.go:172.35,174.17 2 1
smart-router/internal/alerts/telegram.go:174.17,176.4 1 1
smart-router/internal/alerts/telegram.go:177.3,179.19 3 1
smart-router/internal/alerts/telegram.go:179.19,181.4 1 1
smart-router/internal/alerts/telegram.go:182.3,183.28 2 1
smart-router/internal/alerts/telegram.go:183.28,185.4 1 0
smart-router/internal/alerts/telegram.go:187.3,188.32 2 1
smart-router/internal/alerts/telegram.go:188.32,190.4 1 0
smart-router/internal/alerts/telegram.go:191.3,191.30 1 1
smart-router/internal/alerts/telegram.go:191.30,193.4 1 0
smart-router/internal/alerts/telegram.go:194.3,195.22 2 1
smart-router/internal/alerts/telegram.go:195.22,197.4 1 0
smart-router/internal/alerts/telegram.go:199.3,201.32 2 1
smart-router/internal/alerts/telegram.go:201.32,203.4 1 0
smart-router/internal/alerts/telegram.go:204.3,204.21 1 1
smart-router/internal/alerts/telegram.go:204.21,206.20 2 0
smart-router/internal/alerts/telegram.go:206.20,208.5 1 0
smart-router/internal/alerts/telegram.go:212.2,212.34 1 1
smart-router/internal/alerts/telegram.go:215.47,216.19 1 1
smart-router/internal/alerts/telegram.go:216.19,219.17 3 1
smart-router/internal/alerts/telegram.go:219.17,221.4 1 0
smart-router/internal/alerts/telegram.go:222.3,222.31 1 1
smart-router/internal/alerts/telegram.go:225.2,226.16 2 1
smart-router/internal/alerts/telegram.go:226.16,228.3 1 0
smart-router/internal/alerts/telegram.go:230.2,234.29 4 1
smart-router/internal/alerts/telegram.go:234.29,235.36 1 1
smart-router/internal/alerts/telegram.go:235.36,236.20 1 1
smart-router/internal/alerts/telegram.go:236.20,237.13 1 0
smart-router/internal/alerts/telegram.go:239.4,241.54 3 1
smart-router/internal/alerts/telegram.go:245.2,245.34 1 1
smart-router/internal/alerts/telegram.go:248.46,253.19 4 1
smart-router/internal/alerts/telegram.go:253.19,255.3 1 1
smart-router/internal/alerts/telegram.go:256.2,256.19 1 1
smart-router/internal/alerts/telegram.go:256.19,258.3 1 1
smart-router/internal/alerts/telegram.go:259.2,259.19 1 1
smart-router/internal/alerts/telegram.go:259.19,260.59 1 1
smart-router/internal/alerts/telegram.go:260.59,262.18 2 1
smart-router/internal/alerts/telegram.go:262.18,264.5 1 0
smart-router/internal/alerts/telegram.go:268.2,269.16 2 1
smart-router/internal/alerts/telegram.go:269.16,271.3 1 0
smart-router/internal/alerts/telegram.go:272.2,272.21 1 1
smart-router/internal/alerts/telegram.go:272.21,274.3 1 1
smart-router/internal/alerts/telegram.go:276.2,278.26 3 1
smart-router/internal/alerts/telegram.go:278.26,280.28 2 1
smart-router/internal/alerts/telegram.go:280.28,282.4 1 0
smart-router/internal/alerts/telegram.go:283.3,283.152 1 1
smart-router/internal/alerts/telegram.go:286.2,286.34 1 1
smart-router/internal/alerts/telegram.go:290.35,291.24 1 1
smart-router/internal/alerts/telegram.go:291.24,293.3 1 0
smart-router/internal/alerts/telegram.go:294.2,294.20 1 1
smart-router/internal/alerts/telegram.go:294.20,296.3 1 1
smart-router/internal/alerts/telegram.go:297.2,297.16 1 1
smart-router/internal/alerts/telegram.go:297.16,299.3 1 1
smart-router/internal/alerts/telegram.go:300.2,300.33 1 1
smart-router/internal/alerts/telegram.go:304.56,305.28 1 1
smart-router/internal/alerts/telegram.go:306.12,307.34 1 0
smart-router/internal/alerts/telegram.go:308.12,309.33 1 1
smart-router/internal/alerts/telegram.go:310.18,311.38 1 1
smart-router/internal/alerts/telegram.go:312.13,313.40 1 1
smart-router/internal/alerts/telegram.go:314.12,315.40 1 0
smart-router/internal/alerts/telegram.go:316.10,318.50 1 1
smart-router/internal/alerts/telegram.go:318.50,320.4 1 1
smart-router/internal/alerts/telegram.go:321.3,321.40 1 1
smart-router/internal/alerts/telegram.go:326.73,328.16 2 1
smart-router/internal/alerts/telegram.go:328.16,330.3 1 0
smart-router/internal/alerts/telegram.go:331.2,331.29 1 1
smart-router/internal/alerts/telegram.go:331.29,332.36 1 1
smart-router/internal/alerts/telegram.go:332.36,333.22 1 1
smart-router/internal/alerts/telegram.go:333.22,335.5 1 1
smart-router/internal/alerts/telegram.go:338.2,338.38 1 1
smart-router/internal/alerts/telegram.go:341.85,345.2 1 1
smart-router/internal/alerts/telegram.go:347.46,349.20 1 1
smart-router/internal/alerts/telegram.go:349.20,351.17 2 1
smart-router/internal/alerts/telegram.go:351.17,353.4 1 1
smart-router/internal/alerts/telegram.go:355.3,359.30 4 1
smart-router/internal/alerts/telegram.go:359.30,360.37 1 1
smart-router/internal/alerts/telegram.go:360.37,361.21 1 1
smart-router/internal/alerts/telegram.go:361.21,362.14 1 0
smart-router/internal/alerts/telegram.go:364.5,366.22 3 1
smart-router/internal/alerts/telegram.go:366.22,368.6 1 0
smart-router/internal/alerts/telegram.go:369.5,370.48 2 1
smart-router/internal/alerts/telegram.go:370.48,372.6 1 1
smart-router/internal/alerts/telegram.go:372.11,374.6 1 0
smart-router/internal/alerts/telegram.go:377.3,377.35 1 1
smart-router/internal/alerts/telegram.go:380.2,384.12 3 1
smart-router/internal/alerts/telegram.go:384.12,386.3 1 1
smart-router/internal/alerts/telegram.go:387.2,388.19 2 1
smart-router/internal/alerts/telegram.go:388.19,390.3 1 0
smart-router/internal/alerts/telegram.go:393.2,394.20 2 1
smart-router/internal/alerts/telegram.go:394.20,396.3 1 1
smart-router/internal/alerts/telegram.go:398.2,399.16 2 1
smart-router/internal/alerts/telegram.go:399.16,401.3 1 0
smart-router/internal/alerts/telegram.go:403.2,403.42 1 1
smart-router/internal/alerts/telegram.go:406.33,408.16 2 1
smart-router/internal/alerts/telegram.go:408.16,410.3 1 0
smart-router/internal/alerts/telegram.go:412.2,414.32 3 1
smart-router/internal/alerts/telegram.go:414.32,417.36 3 1
smart-router/internal/alerts/telegram.go:417.36,419.31 2 1
smart-router/internal/alerts/telegram.go:419.31,421.5 1 0
smart-router/internal/alerts/telegram.go:421.10,423.5 1 1
smart-router/internal/alerts/telegram.go:425.3,425.127 1 1
smart-router/internal/alerts/telegram.go:428.2,428.34 1 1
smart-router/internal/alerts/telegram.go:431.34,433.16 2 1
smart-router/internal/alerts/telegram.go:433.16,435.3 1 0
smart-router/internal/alerts/telegram.go:437.2,442.29 5 1
smart-router/internal/alerts/telegram.go:442.29,443.36 1 1
smart-router/internal/alerts/telegram.go:443.36,444.20 1 1
smart-router/internal/alerts/telegram.go:444.20,445.13 1 0
smart-router/internal/alerts/telegram.go:447.4,450.31 4 1
smart-router/internal/alerts/telegram.go:450.31,452.5 1 1
smart-router/internal/alerts/telegram.go:452.10,454.5 1 1
smart-router/internal/alerts/telegram.go:458.2,463.24 5 1
smart-router/internal/alerts/telegram.go:463.24,466.30 3 1
smart-router/internal/alerts/telegram.go:466.30,467.37 1 1
smart-router/internal/alerts/telegram.go:467.37,468.21 1 1
smart-router/internal/alerts/telegram.go:468.21,469.14 1 0
smart-router/internal/alerts/telegram.go:471.5,473.32 3 1
smart-router/internal/alerts/telegram.go:473.32,475.6 1 1
smart-router/internal/alerts/telegram.go:480.2,480.34 1 1
smart-router/internal/alerts/telegram.go:483.31,486.16 2 1
smart-router/internal/alerts/telegram.go:486.16,488.3 1 0
smart-router/internal/alerts/telegram.go:490.2,498.26 3 1
smart-router/internal/alerts/telegram.go:498.26,505.28 5 1
smart-router/internal/alerts/telegram.go:505.28,507.4 1 1
smart-router/internal/alerts/telegram.go:507.9,509.4 1 0
smart-router/internal/alerts/telegram.go:510.3,510.33 1 1
smart-router/internal/alerts/telegram.go:513.2,513.29 1 1
smart-router/internal/alerts/telegram.go:513.29,515.3 1 1
smart-router/internal/alerts/telegram.go:517.2,525.38 3 1
smart-router/internal/alerts/telegram.go:525.38,527.3 1 1
smart-router/internal/alerts/telegram.go:530.2,530.36 1 1
smart-router/internal/alerts/telegram.go:530.36,531.39 1 0
smart-router/internal/alerts/telegram.go:531.39,532.45 1 0
smart-router/internal/alerts/telegram.go:532.45,534.5 1 0
smart-router/internal/alerts/telegram.go:538.2,540.27 3 1
smart-router/internal/alerts/telegram.go:540.27,541.14 1 1
smart-router/internal/alerts/telegram.go:541.14,542.9 1 0
smart-router/internal/alerts/telegram.go:544.3,545.22 2 1
smart-router/internal/alerts/telegram.go:545.22,547.4 1 1
smart-router/internal/alerts/telegram.go:548.3,548.153 1 1
[...]
smart-router/internal/api/auth.go:289.56,291.3 1 0
smart-router/internal/api/auth.go:293.2,294.16 2 1
smart-router/internal/api/auth.go:294.16,296.3 1 0
smart-router/internal/api/auth.go:298.2,301.19 4 1
smart-router/internal/api/auth.go:304.41,308.2 3 1
smart-router/internal/api/auth.go:310.38,313.21 3 1
smart-router/internal/api/auth.go:313.21,319.22 5 1
smart-router/internal/api/auth.go:319.22,320.12 1 1
smart-router/internal/api/auth.go:322.3,323.26 2 1
smart-router/internal/api/auth.go:323.26,325.4 1 1
smart-router/internal/api/auth.go:329.38,332.21 3 1
smart-router/internal/api/auth.go:332.21,336.32 3 0
smart-router/internal/api/auth.go:336.32,337.43 1 0
smart-router/internal/api/auth.go:337.43,339.5 1 0
smart-router/internal/api/auth.go:341.3,344.34 3 0
smart-router/internal/api/auth.go:344.34,345.45 1 0
smart-router/internal/api/auth.go:345.45,347.5 1 0
smart-router/internal/api/auth.go:349.3,352.34 3 0
smart-router/internal/api/auth.go:352.34,353.45 1 0
smart-router/internal/api/auth.go:353.45,355.5 1 0
smart-router/internal/api/auth.go:357.3,357.26 1 0
smart-router/internal/api/auth.go:361.85,362.29 1 1
smart-router/internal/api/auth.go:362.29,364.3 1 1
smart-router/internal/api/auth.go:365.2,369.29 4 1
smart-router/internal/api/auth.go:369.29,372.3 2 1
smart-router/internal/api/auth.go:373.2,376.34 3 1
smart-router/internal/api/auth.go:376.34,379.20 3 1
smart-router/internal/api/auth.go:379.20,381.4 1 1
smart-router/internal/api/auth.go:383.2,383.36 1 1
smart-router/internal/api/auth.go:383.36,385.20 2 1
smart-router/internal/api/auth.go:385.20,387.4 1 1
smart-router/internal/api/auth.go:389.2,389.19 1 1
smart-router/internal/api/auth.go:389.19,394.3 4 1
smart-router/internal/api/auth.go:397.52,399.21 2 1
smart-router/internal/api/auth.go:399.21,401.3 1 1
smart-router/internal/api/auth.go:402.2,402.31 1 1
smart-router/internal/api/auth.go:402.31,403.17 1 1
smart-router/internal/api/auth.go:403.17,405.4 1 1
smart-router/internal/api/auth.go:406.3,407.17 2 1
smart-router/internal/api/auth.go:407.17,408.12 1 1
smart-router/internal/api/auth.go:410.3,410.31 1 1
smart-router/internal/api/auth.go:410.31,412.4 1 1
smart-router/internal/api/auth.go:414.2,414.14 1 1
smart-router/internal/api/handlers.go:34.103,42.2 1 1
smart-router/internal/api/handlers.go:44.48,81.89 28 1
smart-router/internal/api/handlers.go:81.89,83.3 1 0
smart-router/internal/api/handlers.go:86.53,87.71 1 1
smart-router/internal/api/handlers.go:87.71,91.37 4 1
smart-router/internal/api/handlers.go:91.37,94.4 2 1
smart-router/internal/api/handlers.go:95.3,95.23 1 1
smart-router/internal/api/handlers.go:99.55,103.35 2 1
smart-router/internal/api/handlers.go:103.35,106.3 2 1
smart-router/internal/api/handlers.go:107.2,107.15 1 1
smart-router/internal/api/handlers.go:112.75,121.53 2 1
smart-router/internal/api/handlers.go:121.53,123.3 1 1
smart-router/internal/api/handlers.go:124.2,124.27 1 1
smart-router/internal/api/handlers.go:124.27,126.3 1 1
smart-router/internal/api/handlers.go:127.2,127.63 1 1
smart-router/internal/api/handlers.go:138.85,140.31 2 1
smart-router/internal/api/handlers.go:140.31,143.30 3 1
smart-router/internal/api/handlers.go:143.30,145.44 2 1
smart-router/internal/api/handlers.go:145.44,148.5 2 1
smart-router/internal/api/handlers.go:150.3,150.67 1 1
smart-router/internal/api/handlers.go:150.67,151.12 1 1
smart-router/internal/api/handlers.go:153.3,154.63 2 1
smart-router/internal/api/handlers.go:154.63,155.12 1 1
smart-router/internal/api/handlers.go:157.3,157.67 1 1
smart-router/internal/api/handlers.go:157.67,158.18 1 1
smart-router/internal/api/handlers.go:159.21,160.53 1 1
smart-router/internal/api/handlers.go:160.53,162.6 1 1
smart-router/internal/api/handlers.go:163.5,163.54 1 1
smart-router/internal/api/handlers.go:163.54,165.6 1 1
smart-router/internal/api/handlers.go:166.12,167.54 1 1
smart-router/internal/api/handlers.go:167.54,169.6 1 1
smart-router/internal/api/handlers.go:170.5,170.58 1 1
smart-router/internal/api/handlers.go:170.58,172.6 1 1
smart-router/internal/api/handlers.go:176.2,176.8 1 1
smart-router/internal/api/handlers.go:179.170,181.19 2 1
smart-router/internal/api/handlers.go:181.19,183.3 1 1
smart-router/internal/api/handlers.go:184.2,196.4 1 1
smart-router/internal/api/handlers.go:199.69,202.56 3 1
smart-router/internal/api/handlers.go:202.56,204.3 1 0
smart-router/internal/api/handlers.go:207.68,209.2 1 1
smart-router/internal/api/handlers.go:212.26,215.3 2 1
smart-router/internal/api/handlers.go:218.179,220.9 2 1
smart-router/internal/api/handlers.go:220.9,222.3 1 0
smart-router/internal/api/handlers.go:223.2,228.6 6 1
smart-router/internal/api/handlers.go:228.6,230.12 2 1
smart-router/internal/api/handlers.go:230.12,231.48 1 1
smart-router/internal/api/handlers.go:231.48,233.5 1 0
smart-router/internal/api/handlers.go:234.4,234.10 1 1
smart-router/internal/api/handlers.go:234.10,236.5 1 1
smart-router/internal/api/handlers.go:237.4,238.34 2 1
smart-router/internal/api/handlers.go:238.34,240.5 1 0
smart-router/internal/api/handlers.go:242.3,242.17 1 1
smart-router/internal/api/handlers.go:242.17,243.21 1 1
smart-router/internal/api/handlers.go:243.21,245.5 1 0
smart-router/internal/api/handlers.go:246.4,261.10 4 1
smart-router/internal/api/handlers.go:268.96,270.36 2 1
smart-router/internal/api/handlers.go:270.36,273.3 2 0
smart-router/internal/api/handlers.go:275.2,277.62 3 1
smart-router/internal/api/handlers.go:277.62,280.3 2 0
smart-router/internal/api/handlers.go:282.2,283.20 2 1
smart-router/internal/api/handlers.go:283.20,285.3 1 1
smart-router/internal/api/handlers.go:288.2,288.82 1 1
smart-router/internal/api/handlers.go:288.82,291.3 2 1
smart-router/internal/api/handlers.go:294.2,294.77 1 1
smart-router/internal/api/handlers.go:294.77,296.22 2 1
smart-router/internal/api/handlers.go:296.22,299.4 2 1
smart-router/internal/api/handlers.go:302.2,303.45 2 1
smart-router/internal/api/handlers.go:303.45,305.3 1 1
smart-router/internal/api/handlers.go:307.2,310.87 2 1
smart-router/internal/api/handlers.go:310.87,313.35 3 1
smart-router/internal/api/handlers.go:313.35,314.39 1 1
smart-router/internal/api/handlers.go:314.39,316.10 2 0
smart-router/internal/api/handlers.go:319.3,319.15 1 1
smart-router/internal/api/handlers.go:319.15,322.4 2 1
smart-router/internal/api/handlers.go:325.2,326.16 2 1
smart-router/internal/api/handlers.go:326.16,329.3 2 1
smart-router/internal/api/handlers.go:330.2,333.33 2 1
smart-router/internal/api/handlers.go:333.33,334.24 1 1
smart-router/internal/api/handlers.go:334.24,336.4 1 1
smart-router/internal/api/handlers.go:339.2,339.17 1 1
smart-router/internal/api/handlers.go:339.17,347.38 7 1
smart-router/internal/api/handlers.go:347.38,349.4 1 0
smart-router/internal/api/handlers.go:350.3,351.9 2 1
smart-router/internal/api/handlers.go:354.2,355.16 2 1
smart-router/internal/api/handlers.go:355.16,359.3 3 0
smart-router/internal/api/handlers.go:361.2,361.37 1 1
smart-router/internal/api/handlers.go:361.37,363.17 2 0
smart-router/internal/api/handlers.go:363.17,365.4 1 0
smart-router/internal/api/handlers.go:368.2,373.15 5 1
smart-router/internal/api/handlers.go:376.80,378.2 1 1
smart-router/internal/api/handlers.go:382.73,384.2 1 1
smart-router/internal/api/handlers.go:400.75,401.36 1 1
smart-router/internal/api/handlers.go:401.36,404.3 2 1
smart-router/internal/api/handlers.go:405.2,411.4 1 1
smart-router/internal/api/handlers.go:414.73,415.36 1 1
smart-router/internal/api/handlers.go:415.36,418.3 2 0
smart-router/internal/api/handlers.go:419.2,420.34 2 1
smart-router/internal/api/handlers.go:420.34,421.20 1 1
smart-router/internal/api/handlers.go:421.20,424.4 2 1
smart-router/internal/api/handlers.go:426.2,426.55 1 1
smart-router/internal/api/handlers.go:429.74,430.36 1 1
smart-router/internal/api/handlers.go:430.36,433.3 2 1
smart-router/internal/api/handlers.go:435.2,436.16 2 1
smart-router/internal/api/handlers.go:436.16,439.3 2 0
smart-router/internal/api/handlers.go:442.2,442.32 1 1
smart-router/internal/api/handlers.go:442.32,444.3 1 1
smart-router/internal/api/handlers.go:446.2,446.36 1 1
smart-router/internal/api/handlers.go:449.72,450.36 1 1
smart-router/internal/api/handlers.go:450.36,453.3 2 1
smart-router/internal/api/handlers.go:455.2,457.16 3 1
smart-router/internal/api/handlers.go:457.16,460.3 2 1
smart-router/internal/api/handlers.go:462.2,462.47 1 1
smart-router/internal/api/handlers.go:462.47,466.3 3 1
smart-router/internal/api/handlers.go:468.2,468.35 1 0
smart-router/internal/api/handlers.go:471.75,472.36 1 1
smart-router/internal/api/handlers.go:472.36,475.3 2 1
smart-router/internal/api/handlers.go:477.2,477.47 1 1
smart-router/internal/api/handlers.go:477.47,480.3 2 1
smart-router/internal/api/handlers.go:482.2,484.62 3 1
smart-router/internal/api/handlers.go:484.62,487.3 2 1
smart-router/internal/api/handlers.go:489.2,489.50 1 1
smart-router/internal/api/handlers.go:489.50,492.3 2 0
smart-router/internal/api/handlers.go:493.2,495.64 2 1
smart-router/internal/api/handlers.go:498.75,499.36 1 1
smart-router/internal/api/handlers.go:499.36,502.3 2 1
smart-router/internal/api/handlers.go:504.2,504.47 1 1
smart-router/internal/api/handlers.go:504.47,507.3 2 1
smart-router/internal/api/handlers.go:509.2,510.46 2 1
smart-router/internal/api/handlers.go:510.46,513.3 2 0
smart-router/internal/api/handlers.go:514.2,516.64 2 1
smart-router/internal/api/handlers.go:519.71,520.36 1 1
smart-router/internal/api/handlers.go:520.36,523.3 2 1
smart-router/internal/api/handlers.go:525.2,528.20 3 1
smart-router/internal/api/handlers.go:528.20,530.17 2 0
smart-router/internal/api/handlers.go:530.17,533.4 2 0
smart-router/internal/api/handlers.go:534.3,534.36 1 0
smart-router/internal/api/handlers.go:534.36,536.4 1 0
smart-router/internal/api/handlers.go:539.2,541.28 2 1
smart-router/internal/api/handlers.go:541.28,542.38 1 0
smart-router/internal/api/handlers.go:542.38,544.18 2 0
smart-router/internal/api/handlers.go:544.18,545.13 1 0
smart-router/internal/api/handlers.go:547.4,547.20 1 0
smart-router/internal/api/handlers.go:549.8,554.17 2 1
smart-router/internal/api/handlers.go:554.17,557.4 2 0
smart-router/internal/api/handlers.go:558.3,559.30 2 1
smart-router/internal/api/handlers.go:559.30,560.37 1 1
smart-router/internal/api/handlers.go:560.37,561.21 1 1
smart-router/internal/api/handlers.go:561.21,562.14 1 0
smart-router/internal/api/handlers.go:564.5,566.19 3 1
smart-router/internal/api/handlers.go:566.19,567.14 1 0
smart-router/internal/api/handlers.go:569.5,569.23 1 1
smart-router/internal/api/handlers.go:574.2,574.37 1 1
smart-router/internal/api/handlers.go:577.79,578.36 1 1
smart-router/internal/api/handlers.go:578.36,581.3 2 1
smart-router/internal/api/handlers.go:583.2,584.16 2 1
smart-router/internal/api/handlers.go:584.16,587.3 2 0
smart-router/internal/api/handlers.go:589.2,596.29 3 1
smart-router/internal/api/handlers.go:596.29,597.36 1 1
smart-router/internal/api/handlers.go:597.36,598.20 1 1
smart-router/internal/api/handlers.go:598.20,599.13 1 0
smart-router/internal/api/handlers.go:601.4,603.18 3 1
smart-router/internal/api/handlers.go:603.18,604.13 1 0
smart-router/internal/api/handlers.go:606.4,614.6 1 1
smart-router/internal/api/handlers.go:619.2,619.45 1 1
smart-router/internal/api/handlers.go:619.45,621.3 1 0
smart-router/internal/api/handlers.go:623.2,623.41 1 1
smart-router/internal/api/handlers.go:626.70,627.36 1 1
smart-router/internal/api/handlers.go:627.36,630.3 2 1
smart-router/internal/api/handlers.go:632.2,636.20 5 1
smart-router/internal/api/handlers.go:636.20,637.60 1 1
smart-router/internal/api/handlers.go:637.60,639.4 1 1
smart-router/internal/api/handlers.go:642.2,643.16 2 1
smart-router/internal/api/handlers.go:643.16,646.3 2 0
smart-router/internal/api/handlers.go:648.2,648.36 1 1
smart-router/internal/api/handlers.go:651.80,652.36 1 1
smart-router/internal/api/handlers.go:652.36,655.3 2 1
smart-router/internal/api/handlers.go:657.2,658.19 2 1
smart-router/internal/api/handlers.go:658.19,660.3 1 1
smart-router/internal/api/handlers.go:662.2,663.16 2 1
smart-router/internal/api/handlers.go:663.16,666.3 2 0
smart-router/internal/api/handlers.go:668.2,669.26 2 1
smart-router/internal/api/handlers.go:669.26,671.18 2 1
smart-router/internal/api/handlers.go:672.19,673.20 1 1
smart-router/internal/api/handlers.go:674.15,675.16 1 1
smart-router/internal/api/handlers.go:676.16,677.17 1 0
smart-router/internal/api/handlers.go:678.11,679.20 1 0
smart-router/internal/api/handlers.go:682.3,682.36 1 1
smart-router/internal/api/handlers.go:682.36,688.4 1 1
smart-router/internal/api/handlers.go:689.3,690.28 2 1
smart-router/internal/api/handlers.go:690.28,692.4 1 1
smart-router/internal/api/handlers.go:692.9,694.4 1 1
smart-router/internal/api/handlers.go:697.2,697.41 1 1
smart-router/internal/api/handlers.go:701.60,703.16 2 1
smart-router/internal/api/handlers.go:703.16,705.3 1 1
smart-router/internal/api/handlers.go:707.2,710.51 2 1
smart-router/internal/api/handlers.go:710.51,712.3 1 0
smart-router/internal/api/handlers.go:714.2,714.36 1 1
smart-router/internal/api/handlers.go:714.36,715.55 1 1
smart-router/internal/api/handlers.go:715.55,717.4 1 0
smart-router/internal/api/handlers.go:719.2,719.12 1 1
smart-router/internal/api/handlers.go:722.81,723.45 1 1
smart-router/internal/api/handlers.go:723.45,726.3 2 1
smart-router/internal/api/handlers.go:727.2,727.13 1 1
smart-router/internal/api/handlers.go:730.74,731.36 1 1
smart-router/internal/api/handlers.go:731.36,734.3 2 1
smart-router/internal/api/handlers.go:735.2,735.37 1 1
smart-router/internal/api/handlers.go:735.37,737.3 1 1
smart-router/internal/api/handlers.go:738.2,739.61 2 1
smart-router/internal/api/handlers.go:739.61,742.3 2 1
smart-router/internal/api/handlers.go:743.2,745.47 3 1
smart-router/internal/api/handlers.go:745.47,748.3 2 0
smart-router/internal/api/handlers.go:749.2,750.64 2 1
smart-router/internal/api/handlers.go:753.73,754.36 1 1
smart-router/internal/api/handlers.go:754.36,757.3 2 1
smart-router/internal/api/handlers.go:758.2,758.37 1 1
smart-router/internal/api/handlers.go:758.37,760.3 1 1
smart-router/internal/api/handlers.go:761.2,762.16 2 1
smart-router/internal/api/handlers.go:762.16,765.3 2 0
smart-router/internal/api/handlers.go:767.2,767.22 1 1
smart-router/internal/api/handlers.go:767.22,769.3 1 1
smart-router/internal/api/handlers.go:770.2,770.35 1 1
smart-router/internal/api/handlers.go:773.71,774.36 1 1
smart-router/internal/api/handlers.go:774.36,777.3 2 1
smart-router/internal/api/handlers.go:778.2,778.37 1 1
smart-router/internal/api/handlers.go:778.37,780.3 1 1
smart-router/internal/api/handlers.go:781.2,783.16 3 1
smart-router/internal/api/handlers.go:783.16,786.3 2 1
smart-router/internal/api/handlers.go:787.2,787.32 1 1
smart-router/internal/api/handlers.go:790.74,791.36 1 1
smart-router/internal/api/handlers.go:791.36,794.3 2 1
smart-router/internal/api/handlers.go:795.2,795.37 1 1
smart-router/internal/api/handlers.go:795.37,797.3 1 1
smart-router/internal/api/handlers.go:798.2,800.65 3 1
smart-router/internal/api/handlers.go:800.65,803.3 2 1
smart-router/internal/api/handlers.go:804.2,804.56 1 1
smart-router/internal/api/handlers.go:804.56,807.3 2 0
smart-router/internal/api/handlers.go:808.2,809.64 2 1
smart-router/internal/api/handlers.go:812.74,813.36 1 1
smart-router/internal/api/handlers.go:813.36,816.3 2 1
smart-router/internal/api/handlers.go:817.2,817.37 1 1
smart-router/internal/api/handlers.go:817.37,819.3 1 1
smart-router/internal/api/handlers.go:820.2,821.47 2 1
smart-router/internal/api/handlers.go:821.47,824.3 2 0
smart-router/internal/api/handlers.go:825.2,826.64 2 1
smart-router/internal/api/handlers.go:829.73,830.36 1 1
smart-router/internal/api/handlers.go:830.36,833.3 2 1
smart-router/internal/api/handlers.go:834.2,834.37 1 1
smart-router/internal/api/handlers.go:834.37,836.3 1 1
smart-router/internal/api/handlers.go:837.2,840.16 4 1
smart-router/internal/api/handlers.go:840.16,843.3 2 0
smart-router/internal/api/handlers.go:844.2,845.16 2 1
smart-router/internal/api/handlers.go:845.16,848.3 2 0
smart-router/internal/api/handlers.go:849.2,854.4 2 1
smart-router/internal/api/handlers.go:857.74,858.36 1 1
smart-router/internal/api/handlers.go:858.36,861.3 2 1
smart-router/internal/api/handlers.go:862.2,862.37 1 1
smart-router/internal/api/handlers.go:862.37,864.3 1 1
smart-router/internal/api/handlers.go:865.2,866.77 2 1
smart-router/internal/api/handlers.go:866.77,868.19 2 0
smart-router/internal/api/handlers.go:868.19,870.4 1 0
smart-router/internal/api/handlers.go:872.2,873.16 2 1
smart-router/internal/api/handlers.go:873.16,876.3 2 0
smart-router/internal/api/handlers.go:877.2,877.35 1 1
smart-router/internal/api/handlers.go:880.76,881.36 1 1
smart-router/internal/api/handlers.go:881.36,884.3 2 1
smart-router/internal/api/handlers.go:885.2,885.37 1 1
smart-router/internal/api/handlers.go:885.37,887.3 1 1
smart-router/internal/api/handlers.go:888.2,888.81 1 1
smart-router/internal/api/handlers.go:891.75,892.36 1 1
smart-router/internal/api/handlers.go:892.36,895.3 2 1
smart-router/internal/api/handlers.go:896.2,896.37 1 1
smart-router/internal/api/handlers.go:896.37,898.3 1 1
smart-router/internal/api/handlers.go:899.2,904.61 3 1
smart-router/internal/api/handlers.go:904.61,907.3 2 1
smart-router/internal/api/handlers.go:908.2,908.85 1 1
smart-router/internal/api/handlers.go:908.85,911.3 2 0
smart-router/internal/api/handlers.go:912.2,912.64 1 1
smart-router/internal/api/handlers.go:915.75,916.36 1 1
smart-router/internal/api/handlers.go:916.36,919.3 2 1
smart-router/internal/api/handlers.go:920.2,920.37 1 1
smart-router/internal/api/handlers.go:920.37,922.3 1 1
smart-router/internal/api/handlers.go:923.2,924.16 2 1
smart-router/internal/api/handlers.go:924.16,927.3 2 0
smart-router/internal/api/handlers.go:928.2,928.37 1 1
smart-router/internal/api/handlers.go:931.76,932.36 1 1
smart-router/internal/api/handlers.go:932.36,935.3 2 1
smart-router/internal/api/handlers.go:936.2,936.37 1 1
smart-router/internal/api/handlers.go:936.37,938.3 1 1
smart-router/internal/api/handlers.go:939.2,940.61 2 1
smart-router/internal/api/handlers.go:940.61,943.3 2 1
smart-router/internal/api/handlers.go:944.2,945.16 2 1
smart-router/internal/api/handlers.go:945.16,948.3 2 0
smart-router/internal/api/handlers.go:949.2,949.63 1 1
smart-router/internal/api/handlers.go:952.73,953.36 1 1
smart-router/internal/api/handlers.go:953.36,956.3 2 1
smart-router/internal/api/handlers.go:957.2,957.37 1 1
smart-router/internal/api/handlers.go:957.37,959.3 1 0
smart-router/internal/api/handlers.go:960.2,962.16 3 1
smart-router/internal/api/handlers.go:962.16,965.3 2 0
smart-router/internal/api/handlers.go:966.2,967.16 2 1
smart-router/internal/api/handlers.go:967.16,970.3 2 1
smart-router/internal/api/handlers.go:971.2,976.4 3 1
smart-router/internal/api/handlers.go:979.76,980.36 1 1
smart-router/internal/api/handlers.go:980.36,983.3 2 1
smart-router/internal/api/handlers.go:984.2,984.37 1 1
smart-router/internal/api/handlers.go:984.37,986.3 1 0
smart-router/internal/api/handlers.go:987.2,989.16 3 1
smart-router/internal/api/handlers.go:989.16,992.3 2 1
smart-router/internal/api/handlers.go:993.2,994.65 2 1
smart-router/internal/api/handlers.go:994.65,997.3 2 0
smart-router/internal/api/handlers.go:998.2,998.57 1 1
smart-router/internal/api/handlers.go:998.57,1001.3 2 0
smart-router/internal/api/handlers.go:1002.2,1002.64 1 1
smart-router/internal/api/handlers.go:1005.76,1006.36 1 1
smart-router/internal/api/handlers.go:1006.36,1009.3 2 1
smart-router/internal/api/handlers.go:1010.2,1010.37 1 1
smart-router/internal/api/handlers.go:1010.37,1012.3 1 1
smart-router/internal/api/handlers.go:1013.2,1015.16 3 1
smart-router/internal/api/handlers.go:1015.16,1018.3 2 1
smart-router/internal/api/handlers.go:1019.2,1019.48 1 1
smart-router/internal/api/handlers.go:1019.48,1022.3 2 0
smart-router/internal/api/handlers.go:1023.2,1023.64 1 1
